CRITICAL - 2021-09-13 13:03:45 --> Call to undefined method CodeIgniter\View\View::extends()
#0 /root/Desktop/bimari/vendor/codeigniter4/framework/system/View/View.php(214): include()
#1 /root/Desktop/bimari/vendor/codeigniter4/framework/system/View/View.php(217): CodeIgniter\View\View->CodeIgniter\View\{closure}()
#2 /root/Desktop/bimari/vendor/codeigniter4/framework/system/Common.php(1092): CodeIgniter\View\View->render('blank', Array, true)
#3 /root/Desktop/bimari/app/Controllers/Stok.php(11): view('blank')
#4 /root/Desktop/bimari/vendor/codeigniter4/framework/system/CodeIgniter.php(802): App\Controllers\Stok->index()
#5 /root/Desktop/bimari/vendor/codeigniter4/framework/system/CodeIgniter.php(399): CodeIgniter\CodeIgniter->runController(Object(App\Controllers\Stok))
#6 /root/Desktop/bimari/vendor/codeigniter4/framework/system/CodeIgniter.php(317): CodeIgniter\CodeIgniter->handleRequest(NULL, Object(Config\Cache), false)
#7 /root/Desktop/bimari/public/index.php(37): CodeIgniter\CodeIgniter->run()
#8 /root/Desktop/bimari/vendor/codeigniter4/framework/system/Commands/Server/rewrite.php(43): require_once('/root/Desktop/b...')
#9 {main}
CRITICAL - 2021-09-13 13:03:57 --> View themes, no current section.
#0 /root/Desktop/bimari/app/Views/blank.php(55): CodeIgniter\View\View->endSection()
#1 /root/Desktop/bimari/vendor/codeigniter4/framework/system/View/View.php(214): include('/root/Desktop/b...')
#2 /root/Desktop/bimari/vendor/codeigniter4/framework/system/View/View.php(217): CodeIgniter\View\View->CodeIgniter\View\{closure}()
#3 /root/Desktop/bimari/vendor/codeigniter4/framework/system/Common.php(1092): CodeIgniter\View\View->render('blank', Array, true)
#4 /root/Desktop/bimari/app/Controllers/Stok.php(11): view('blank')
#5 /root/Desktop/bimari/vendor/codeigniter4/framework/system/CodeIgniter.php(802): App\Controllers\Stok->index()
#6 /root/Desktop/bimari/vendor/codeigniter4/framework/system/CodeIgniter.php(399): CodeIgniter\CodeIgniter->runController(Object(App\Controllers\Stok))
#7 /root/Desktop/bimari/vendor/codeigniter4/framework/system/CodeIgniter.php(317): CodeIgniter\CodeIgniter->handleRequest(NULL, Object(Config\Cache), false)
#8 /root/Desktop/bimari/public/index.php(37): CodeIgniter\CodeIgniter->run()
#9 /root/Desktop/bimari/vendor/codeigniter4/framework/system/Commands/Server/rewrite.php(43): require_once('/root/Desktop/b...')
#10 {main}
CRITICAL - 2021-09-13 14:19:53 --> Undefined variable $stok
#0 /root/Desktop/bimari/app/Views/nav.php(18): CodeIgniter\Debug\Exceptions->errorHandler(2, 'Undefined varia...', '/root/Desktop/b...', 18)
#1 /root/Desktop/bimari/vendor/codeigniter4/framework/system/View/View.php(214): include('/root/Desktop/b...')
#2 /root/Desktop/bimari/vendor/codeigniter4/framework/system/View/View.php(217): CodeIgniter\View\View->CodeIgniter\View\{closure}()
#3 /root/Desktop/bimari/vendor/codeigniter4/framework/system/Common.php(1092): CodeIgniter\View\View->render('nav', Array, true)
#4 /root/Desktop/bimari/app/Views/dashboard.php(65): view('nav')
#5 /root/Desktop/bimari/vendor/codeigniter4/framework/system/View/View.php(214): include('/root/Desktop/b...')
#6 /root/Desktop/bimari/vendor/codeigniter4/framework/system/View/View.php(217): CodeIgniter\View\View->CodeIgniter\View\{closure}()
#7 /root/Desktop/bimari/vendor/codeigniter4/framework/system/View/View.php(230): CodeIgniter\View\View->render('dashboard', Array, true)
#8 /root/Desktop/bimari/vendor/codeigniter4/framework/system/Common.php(1092): CodeIgniter\View\View->render('blank', Array, true)
#9 /root/Desktop/bimari/app/Controllers/Kategori.php(13): view('blank', Array)
#10 /root/Desktop/bimari/vendor/codeigniter4/framework/system/CodeIgniter.php(802): App\Controllers\Kategori->index()
#11 /root/Desktop/bimari/vendor/codeigniter4/framework/system/CodeIgniter.php(399): CodeIgniter\CodeIgniter->runController(Object(App\Controllers\Kategori))
#12 /root/Desktop/bimari/vendor/codeigniter4/framework/system/CodeIgniter.php(317): CodeIgniter\CodeIgniter->handleRequest(NULL, Object(Config\Cache), false)
#13 /root/Desktop/bimari/public/index.php(37): CodeIgniter\CodeIgniter->run()
#14 /root/Desktop/bimari/vendor/codeigniter4/framework/system/Commands/Server/rewrite.php(43): require_once('/root/Desktop/b...')
#15 {main}
CRITICAL - 2021-09-13 14:22:19 --> Undefined variable $master
#0 /root/Desktop/bimari/app/Views/nav.php(27): CodeIgniter\Debug\Exceptions->errorHandler(2, 'Undefined varia...', '/root/Desktop/b...', 27)
#1 /root/Desktop/bimari/vendor/codeigniter4/framework/system/View/View.php(214): include('/root/Desktop/b...')
#2 /root/Desktop/bimari/vendor/codeigniter4/framework/system/View/View.php(217): CodeIgniter\View\View->CodeIgniter\View\{closure}()
#3 /root/Desktop/bimari/vendor/codeigniter4/framework/system/Common.php(1092): CodeIgniter\View\View->render('nav', Array, true)
#4 /root/Desktop/bimari/app/Views/dashboard.php(61): view('nav')
#5 /root/Desktop/bimari/vendor/codeigniter4/framework/system/View/View.php(214): include('/root/Desktop/b...')
#6 /root/Desktop/bimari/vendor/codeigniter4/framework/system/View/View.php(217): CodeIgniter\View\View->CodeIgniter\View\{closure}()
#7 /root/Desktop/bimari/vendor/codeigniter4/framework/system/View/View.php(230): CodeIgniter\View\View->render('dashboard', Array, true)
#8 /root/Desktop/bimari/vendor/codeigniter4/framework/system/Common.php(1092): CodeIgniter\View\View->render('blank', Array, true)
#9 /root/Desktop/bimari/app/Controllers/Kategori.php(13): view('blank', Array)
#10 /root/Desktop/bimari/vendor/codeigniter4/framework/system/CodeIgniter.php(802): App\Controllers\Kategori->index()
#11 /root/Desktop/bimari/vendor/codeigniter4/framework/system/CodeIgniter.php(399): CodeIgniter\CodeIgniter->runController(Object(App\Controllers\Kategori))
#12 /root/Desktop/bimari/vendor/codeigniter4/framework/system/CodeIgniter.php(317): CodeIgniter\CodeIgniter->handleRequest(NULL, Object(Config\Cache), false)
#13 /root/Desktop/bimari/public/index.php(37): CodeIgniter\CodeIgniter->run()
#14 /root/Desktop/bimari/vendor/codeigniter4/framework/system/Commands/Server/rewrite.php(43): require_once('/root/Desktop/b...')
#15 {main}
