CRITICAL - 2021-09-22 01:36:31 --> Array to string conversion
#0 /root/Desktop/bimari/app/Controllers/StockOut.php(79): CodeIgniter\Debug\Exceptions->errorHandler(2, 'Array to string...', '/root/Desktop/b...', 79)
#1 /root/Desktop/bimari/vendor/codeigniter4/framework/system/CodeIgniter.php(802): App\Controllers\StockOut->tambah()
#2 /root/Desktop/bimari/vendor/codeigniter4/framework/system/CodeIgniter.php(399): CodeIgniter\CodeIgniter->runController(Object(App\Controllers\StockOut))
#3 /root/Desktop/bimari/vendor/codeigniter4/framework/system/CodeIgniter.php(317): CodeIgniter\CodeIgniter->handleRequest(NULL, Object(Config\Cache), false)
#4 /root/Desktop/bimari/public/index.php(37): CodeIgniter\CodeIgniter->run()
#5 /root/Desktop/bimari/vendor/codeigniter4/framework/system/Commands/Server/rewrite.php(43): require_once('/root/Desktop/b...')
#6 {main}
CRITICAL - 2021-09-22 02:36:24 --> Array to string conversion
#0 /root/Desktop/bimari/app/Controllers/StockOut.php(79): CodeIgniter\Debug\Exceptions->errorHandler(2, 'Array to string...', '/root/Desktop/b...', 79)
#1 /root/Desktop/bimari/vendor/codeigniter4/framework/system/CodeIgniter.php(802): App\Controllers\StockOut->tambah()
#2 /root/Desktop/bimari/vendor/codeigniter4/framework/system/CodeIgniter.php(399): CodeIgniter\CodeIgniter->runController(Object(App\Controllers\StockOut))
#3 /root/Desktop/bimari/vendor/codeigniter4/framework/system/CodeIgniter.php(317): CodeIgniter\CodeIgniter->handleRequest(NULL, Object(Config\Cache), false)
#4 /root/Desktop/bimari/public/index.php(37): CodeIgniter\CodeIgniter->run()
#5 /root/Desktop/bimari/vendor/codeigniter4/framework/system/Commands/Server/rewrite.php(43): require_once('/root/Desktop/b...')
#6 {main}
ERROR - 2021-09-22 02:37:35 --> Subquery returns more than 1 row
CRITICAL - 2021-09-22 02:37:35 --> Array to string conversion
#0 /root/Desktop/bimari/app/Controllers/StockOut.php(79): CodeIgniter\Debug\Exceptions->errorHandler(2, 'Array to string...', '/root/Desktop/b...', 79)
#1 /root/Desktop/bimari/vendor/codeigniter4/framework/system/CodeIgniter.php(802): App\Controllers\StockOut->tambah()
#2 /root/Desktop/bimari/vendor/codeigniter4/framework/system/CodeIgniter.php(399): CodeIgniter\CodeIgniter->runController(Object(App\Controllers\StockOut))
#3 /root/Desktop/bimari/vendor/codeigniter4/framework/system/CodeIgniter.php(317): CodeIgniter\CodeIgniter->handleRequest(NULL, Object(Config\Cache), false)
#4 /root/Desktop/bimari/public/index.php(37): CodeIgniter\CodeIgniter->run()
#5 /root/Desktop/bimari/vendor/codeigniter4/framework/system/Commands/Server/rewrite.php(43): require_once('/root/Desktop/b...')
#6 {main}
ERROR - 2021-09-22 02:38:31 --> Subquery returns more than 1 row
CRITICAL - 2021-09-22 02:38:31 --> Subquery returns more than 1 row
#0 /root/Desktop/bimari/vendor/codeigniter4/framework/system/Database/MySQLi/Connection.php(280): mysqli->query('update stok set...')
#1 /root/Desktop/bimari/vendor/codeigniter4/framework/system/Database/BaseConnection.php(663): CodeIgniter\Database\MySQLi\Connection->execute('update stok set...')
#2 /root/Desktop/bimari/vendor/codeigniter4/framework/system/Database/BaseConnection.php(591): CodeIgniter\Database\BaseConnection->simpleQuery('update stok set...')
#3 /root/Desktop/bimari/app/Models/MStockOut.php(34): CodeIgniter\Database\BaseConnection->query('update stok set...')
#4 /root/Desktop/bimari/app/Controllers/StockOut.php(49): App\Models\MStockOut->tambah(Array, '6')
#5 /root/Desktop/bimari/vendor/codeigniter4/framework/system/CodeIgniter.php(802): App\Controllers\StockOut->tambah()
#6 /root/Desktop/bimari/vendor/codeigniter4/framework/system/CodeIgniter.php(399): CodeIgniter\CodeIgniter->runController(Object(App\Controllers\StockOut))
#7 /root/Desktop/bimari/vendor/codeigniter4/framework/system/CodeIgniter.php(317): CodeIgniter\CodeIgniter->handleRequest(NULL, Object(Config\Cache), false)
#8 /root/Desktop/bimari/public/index.php(37): CodeIgniter\CodeIgniter->run()
#9 /root/Desktop/bimari/vendor/codeigniter4/framework/system/Commands/Server/rewrite.php(43): require_once('/root/Desktop/b...')
#10 {main}
CRITICAL - 2021-09-22 02:41:25 --> Array to string conversion
#0 /root/Desktop/bimari/app/Controllers/StockOut.php(79): CodeIgniter\Debug\Exceptions->errorHandler(2, 'Array to string...', '/root/Desktop/b...', 79)
#1 /root/Desktop/bimari/vendor/codeigniter4/framework/system/CodeIgniter.php(802): App\Controllers\StockOut->tambah()
#2 /root/Desktop/bimari/vendor/codeigniter4/framework/system/CodeIgniter.php(399): CodeIgniter\CodeIgniter->runController(Object(App\Controllers\StockOut))
#3 /root/Desktop/bimari/vendor/codeigniter4/framework/system/CodeIgniter.php(317): CodeIgniter\CodeIgniter->handleRequest(NULL, Object(Config\Cache), false)
#4 /root/Desktop/bimari/public/index.php(37): CodeIgniter\CodeIgniter->run()
#5 /root/Desktop/bimari/vendor/codeigniter4/framework/system/Commands/Server/rewrite.php(43): require_once('/root/Desktop/b...')
#6 {main}
ERROR - 2021-09-22 02:42:10 --> Subquery returns more than 1 row
CRITICAL - 2021-09-22 02:42:10 --> Subquery returns more than 1 row
#0 /root/Desktop/bimari/vendor/codeigniter4/framework/system/Database/MySQLi/Connection.php(280): mysqli->query('update stok set...')
#1 /root/Desktop/bimari/vendor/codeigniter4/framework/system/Database/BaseConnection.php(663): CodeIgniter\Database\MySQLi\Connection->execute('update stok set...')
#2 /root/Desktop/bimari/vendor/codeigniter4/framework/system/Database/BaseConnection.php(591): CodeIgniter\Database\BaseConnection->simpleQuery('update stok set...')
#3 /root/Desktop/bimari/app/Models/MStockOut.php(34): CodeIgniter\Database\BaseConnection->query('update stok set...')
#4 /root/Desktop/bimari/app/Controllers/StockOut.php(49): App\Models\MStockOut->tambah(Array, '6')
#5 /root/Desktop/bimari/vendor/codeigniter4/framework/system/CodeIgniter.php(802): App\Controllers\StockOut->tambah()
#6 /root/Desktop/bimari/vendor/codeigniter4/framework/system/CodeIgniter.php(399): CodeIgniter\CodeIgniter->runController(Object(App\Controllers\StockOut))
#7 /root/Desktop/bimari/vendor/codeigniter4/framework/system/CodeIgniter.php(317): CodeIgniter\CodeIgniter->handleRequest(NULL, Object(Config\Cache), false)
#8 /root/Desktop/bimari/public/index.php(37): CodeIgniter\CodeIgniter->run()
#9 /root/Desktop/bimari/vendor/codeigniter4/framework/system/Commands/Server/rewrite.php(43): require_once('/root/Desktop/b...')
#10 {main}
CRITICAL - 2021-09-22 08:36:38 --> Undefined variable $stok
#0 /root/Desktop/bimari/app/Controllers/StockOut.php(94): CodeIgniter\Debug\Exceptions->errorHandler(2, 'Undefined varia...', '/root/Desktop/b...', 94)
#1 /root/Desktop/bimari/vendor/codeigniter4/framework/system/CodeIgniter.php(802): App\Controllers\StockOut->update()
#2 /root/Desktop/bimari/vendor/codeigniter4/framework/system/CodeIgniter.php(399): CodeIgniter\CodeIgniter->runController(Object(App\Controllers\StockOut))
#3 /root/Desktop/bimari/vendor/codeigniter4/framework/system/CodeIgniter.php(317): CodeIgniter\CodeIgniter->handleRequest(NULL, Object(Config\Cache), false)
#4 /root/Desktop/bimari/public/index.php(37): CodeIgniter\CodeIgniter->run()
#5 /root/Desktop/bimari/vendor/codeigniter4/framework/system/Commands/Server/rewrite.php(43): require_once('/root/Desktop/b...')
#6 {main}
CRITICAL - 2021-09-22 08:38:54 --> Undefined variable $stok
#0 /root/Desktop/bimari/app/Controllers/StockOut.php(94): CodeIgniter\Debug\Exceptions->errorHandler(2, 'Undefined varia...', '/root/Desktop/b...', 94)
#1 /root/Desktop/bimari/vendor/codeigniter4/framework/system/CodeIgniter.php(802): App\Controllers\StockOut->update()
#2 /root/Desktop/bimari/vendor/codeigniter4/framework/system/CodeIgniter.php(399): CodeIgniter\CodeIgniter->runController(Object(App\Controllers\StockOut))
#3 /root/Desktop/bimari/vendor/codeigniter4/framework/system/CodeIgniter.php(317): CodeIgniter\CodeIgniter->handleRequest(NULL, Object(Config\Cache), false)
#4 /root/Desktop/bimari/public/index.php(37): CodeIgniter\CodeIgniter->run()
#5 /root/Desktop/bimari/vendor/codeigniter4/framework/system/Commands/Server/rewrite.php(43): require_once('/root/Desktop/b...')
#6 {main}
ERROR - 2021-09-22 09:03:51 --> You have an error in your SQL syntax; check the manual that corresponds to your MariaDB server version for the right syntax to use near '09:03:51, jumlah = (select (s.jumlah + sk.jumlah) from stok s join stok_kelua...' at line 1
CRITICAL - 2021-09-22 09:03:51 --> You have an error in your SQL syntax; check the manual that corresponds to your MariaDB server version for the right syntax to use near '09:03:51, jumlah = (select (s.jumlah + sk.jumlah) from stok s join stok_kelua...' at line 1
#0 /root/Desktop/bimari/vendor/codeigniter4/framework/system/Database/MySQLi/Connection.php(280): mysqli->query('update stok set...')
#1 /root/Desktop/bimari/vendor/codeigniter4/framework/system/Database/BaseConnection.php(663): CodeIgniter\Database\MySQLi\Connection->execute('update stok set...')
#2 /root/Desktop/bimari/vendor/codeigniter4/framework/system/Database/BaseConnection.php(591): CodeIgniter\Database\BaseConnection->simpleQuery('update stok set...')
#3 /root/Desktop/bimari/app/Models/MStockOut.php(70): CodeIgniter\Database\BaseConnection->query('update stok set...')
#4 /root/Desktop/bimari/app/Controllers/StockOut.php(142): App\Models\MStockOut->hapus('11', '6')
#5 /root/Desktop/bimari/vendor/codeigniter4/framework/system/CodeIgniter.php(802): App\Controllers\StockOut->hapus()
#6 /root/Desktop/bimari/vendor/codeigniter4/framework/system/CodeIgniter.php(399): CodeIgniter\CodeIgniter->runController(Object(App\Controllers\StockOut))
#7 /root/Desktop/bimari/vendor/codeigniter4/framework/system/CodeIgniter.php(317): CodeIgniter\CodeIgniter->handleRequest(NULL, Object(Config\Cache), false)
#8 /root/Desktop/bimari/public/index.php(37): CodeIgniter\CodeIgniter->run()
#9 /root/Desktop/bimari/vendor/codeigniter4/framework/system/Commands/Server/rewrite.php(43): require_once('/root/Desktop/b...')
#10 {main}
ERROR - 2021-09-22 09:06:24 --> You have an error in your SQL syntax; check the manual that corresponds to your MariaDB server version for the right syntax to use near '09:06:24, jumlah = (select (s.jumlah + sk.jumlah) from stok s join stok_kelua...' at line 1
CRITICAL - 2021-09-22 09:06:24 --> You have an error in your SQL syntax; check the manual that corresponds to your MariaDB server version for the right syntax to use near '09:06:24, jumlah = (select (s.jumlah + sk.jumlah) from stok s join stok_kelua...' at line 1
#0 /root/Desktop/bimari/vendor/codeigniter4/framework/system/Database/MySQLi/Connection.php(280): mysqli->query('update stok set...')
#1 /root/Desktop/bimari/vendor/codeigniter4/framework/system/Database/BaseConnection.php(663): CodeIgniter\Database\MySQLi\Connection->execute('update stok set...')
#2 /root/Desktop/bimari/vendor/codeigniter4/framework/system/Database/BaseConnection.php(591): CodeIgniter\Database\BaseConnection->simpleQuery('update stok set...')
#3 /root/Desktop/bimari/app/Models/MStockOut.php(70): CodeIgniter\Database\BaseConnection->query('update stok set...')
#4 /root/Desktop/bimari/app/Controllers/StockOut.php(142): App\Models\MStockOut->hapus('11', '6')
#5 /root/Desktop/bimari/vendor/codeigniter4/framework/system/CodeIgniter.php(802): App\Controllers\StockOut->hapus()
#6 /root/Desktop/bimari/vendor/codeigniter4/framework/system/CodeIgniter.php(399): CodeIgniter\CodeIgniter->runController(Object(App\Controllers\StockOut))
#7 /root/Desktop/bimari/vendor/codeigniter4/framework/system/CodeIgniter.php(317): CodeIgniter\CodeIgniter->handleRequest(NULL, Object(Config\Cache), false)
#8 /root/Desktop/bimari/public/index.php(37): CodeIgniter\CodeIgniter->run()
#9 /root/Desktop/bimari/vendor/codeigniter4/framework/system/Commands/Server/rewrite.php(43): require_once('/root/Desktop/b...')
#10 {main}
ERROR - 2021-09-22 09:09:34 --> You have an error in your SQL syntax; check the manual that corresponds to your MariaDB server version for the right syntax to use near '09:09:34, jumlah = (select (s.jumlah + sk.jumlah) from stok s join stok_kelua...' at line 1
CRITICAL - 2021-09-22 09:09:34 --> You have an error in your SQL syntax; check the manual that corresponds to your MariaDB server version for the right syntax to use near '09:09:34, jumlah = (select (s.jumlah + sk.jumlah) from stok s join stok_kelua...' at line 1
#0 /root/Desktop/bimari/vendor/codeigniter4/framework/system/Database/MySQLi/Connection.php(280): mysqli->query('update stok set...')
#1 /root/Desktop/bimari/vendor/codeigniter4/framework/system/Database/BaseConnection.php(663): CodeIgniter\Database\MySQLi\Connection->execute('update stok set...')
#2 /root/Desktop/bimari/vendor/codeigniter4/framework/system/Database/BaseConnection.php(591): CodeIgniter\Database\BaseConnection->simpleQuery('update stok set...')
#3 /root/Desktop/bimari/app/Models/MStockOut.php(70): CodeIgniter\Database\BaseConnection->query('update stok set...')
#4 /root/Desktop/bimari/app/Controllers/StockOut.php(142): App\Models\MStockOut->hapus('11', '6')
#5 /root/Desktop/bimari/vendor/codeigniter4/framework/system/CodeIgniter.php(802): App\Controllers\StockOut->hapus()
#6 /root/Desktop/bimari/vendor/codeigniter4/framework/system/CodeIgniter.php(399): CodeIgniter\CodeIgniter->runController(Object(App\Controllers\StockOut))
#7 /root/Desktop/bimari/vendor/codeigniter4/framework/system/CodeIgniter.php(317): CodeIgniter\CodeIgniter->handleRequest(NULL, Object(Config\Cache), false)
#8 /root/Desktop/bimari/public/index.php(37): CodeIgniter\CodeIgniter->run()
#9 /root/Desktop/bimari/vendor/codeigniter4/framework/system/Commands/Server/rewrite.php(43): require_once('/root/Desktop/b...')
#10 {main}
