CRITICAL - 2021-09-21 14:54:59 --> Undefined property: CodeIgniter\View\View::$session
#0 /root/Desktop/bimari/app/Views/stockout/modal.php(28): CodeIgniter\Debug\Exceptions->errorHandler(2, 'Undefined prope...', '/root/Desktop/b...', 28)
#1 /root/Desktop/bimari/vendor/codeigniter4/framework/system/View/View.php(214): include('/root/Desktop/b...')
#2 /root/Desktop/bimari/vendor/codeigniter4/framework/system/View/View.php(217): CodeIgniter\View\View->CodeIgniter\View\{closure}()
#3 /root/Desktop/bimari/vendor/codeigniter4/framework/system/Common.php(1092): CodeIgniter\View\View->render('stockout/modal', Array, true)
#4 /root/Desktop/bimari/app/Views/stockout/stock.php(65): view('stockout/modal')
#5 /root/Desktop/bimari/vendor/codeigniter4/framework/system/View/View.php(214): include('/root/Desktop/b...')
#6 /root/Desktop/bimari/vendor/codeigniter4/framework/system/View/View.php(217): CodeIgniter\View\View->CodeIgniter\View\{closure}()
#7 /root/Desktop/bimari/vendor/codeigniter4/framework/system/Common.php(1092): CodeIgniter\View\View->render('stockout/stock', Array, true)
#8 /root/Desktop/bimari/app/Controllers/StockOut.php(23): view('stockout/stock', Array)
#9 /root/Desktop/bimari/vendor/codeigniter4/framework/system/CodeIgniter.php(802): App\Controllers\StockOut->index()
#10 /root/Desktop/bimari/vendor/codeigniter4/framework/system/CodeIgniter.php(399): CodeIgniter\CodeIgniter->runController(Object(App\Controllers\StockOut))
#11 /root/Desktop/bimari/vendor/codeigniter4/framework/system/CodeIgniter.php(317): CodeIgniter\CodeIgniter->handleRequest(NULL, Object(Config\Cache), false)
#12 /root/Desktop/bimari/public/index.php(37): CodeIgniter\CodeIgniter->run()
#13 /root/Desktop/bimari/vendor/codeigniter4/framework/system/Commands/Server/rewrite.php(43): require_once('/root/Desktop/b...')
#14 {main}
CRITICAL - 2021-09-21 14:55:22 --> Undefined constant "session"
#0 /root/Desktop/bimari/vendor/codeigniter4/framework/system/View/View.php(214): include()
#1 /root/Desktop/bimari/vendor/codeigniter4/framework/system/View/View.php(217): CodeIgniter\View\View->CodeIgniter\View\{closure}()
#2 /root/Desktop/bimari/vendor/codeigniter4/framework/system/Common.php(1092): CodeIgniter\View\View->render('stockout/modal', Array, true)
#3 /root/Desktop/bimari/app/Views/stockout/stock.php(65): view('stockout/modal')
#4 /root/Desktop/bimari/vendor/codeigniter4/framework/system/View/View.php(214): include('/root/Desktop/b...')
#5 /root/Desktop/bimari/vendor/codeigniter4/framework/system/View/View.php(217): CodeIgniter\View\View->CodeIgniter\View\{closure}()
#6 /root/Desktop/bimari/vendor/codeigniter4/framework/system/Common.php(1092): CodeIgniter\View\View->render('stockout/stock', Array, true)
#7 /root/Desktop/bimari/app/Controllers/StockOut.php(23): view('stockout/stock', Array)
#8 /root/Desktop/bimari/vendor/codeigniter4/framework/system/CodeIgniter.php(802): App\Controllers\StockOut->index()
#9 /root/Desktop/bimari/vendor/codeigniter4/framework/system/CodeIgniter.php(399): CodeIgniter\CodeIgniter->runController(Object(App\Controllers\StockOut))
#10 /root/Desktop/bimari/vendor/codeigniter4/framework/system/CodeIgniter.php(317): CodeIgniter\CodeIgniter->handleRequest(NULL, Object(Config\Cache), false)
#11 /root/Desktop/bimari/public/index.php(37): CodeIgniter\CodeIgniter->run()
#12 /root/Desktop/bimari/vendor/codeigniter4/framework/system/Commands/Server/rewrite.php(43): require_once('/root/Desktop/b...')
#13 {main}
CRITICAL - 2021-09-21 15:00:17 --> Array to string conversion
#0 /root/Desktop/bimari/app/Views/nav.php(50): CodeIgniter\Debug\Exceptions->errorHandler(2, 'Array to string...', '/root/Desktop/b...', 50)
#1 /root/Desktop/bimari/vendor/codeigniter4/framework/system/View/View.php(214): include('/root/Desktop/b...')
#2 /root/Desktop/bimari/vendor/codeigniter4/framework/system/View/View.php(217): CodeIgniter\View\View->CodeIgniter\View\{closure}()
#3 /root/Desktop/bimari/vendor/codeigniter4/framework/system/Common.php(1092): CodeIgniter\View\View->render('nav', Array, true)
#4 /root/Desktop/bimari/app/Views/dashboard.php(62): view('nav')
#5 /root/Desktop/bimari/vendor/codeigniter4/framework/system/View/View.php(214): include('/root/Desktop/b...')
#6 /root/Desktop/bimari/vendor/codeigniter4/framework/system/View/View.php(217): CodeIgniter\View\View->CodeIgniter\View\{closure}()
#7 /root/Desktop/bimari/vendor/codeigniter4/framework/system/View/View.php(230): CodeIgniter\View\View->render('dashboard', Array, true)
#8 /root/Desktop/bimari/vendor/codeigniter4/framework/system/Common.php(1092): CodeIgniter\View\View->render('stockout/stock', Array, true)
#9 /root/Desktop/bimari/app/Controllers/StockOut.php(25): view('stockout/stock', Array)
#10 /root/Desktop/bimari/vendor/codeigniter4/framework/system/CodeIgniter.php(802): App\Controllers\StockOut->index()
#11 /root/Desktop/bimari/vendor/codeigniter4/framework/system/CodeIgniter.php(399): CodeIgniter\CodeIgniter->runController(Object(App\Controllers\StockOut))
#12 /root/Desktop/bimari/vendor/codeigniter4/framework/system/CodeIgniter.php(317): CodeIgniter\CodeIgniter->handleRequest(NULL, Object(Config\Cache), false)
#13 /root/Desktop/bimari/public/index.php(37): CodeIgniter\CodeIgniter->run()
#14 /root/Desktop/bimari/vendor/codeigniter4/framework/system/Commands/Server/rewrite.php(43): require_once('/root/Desktop/b...')
#15 {main}
CRITICAL - 2021-09-21 23:46:34 --> Array to string conversion
#0 /root/Desktop/bimari/app/Controllers/StockOut.php(79): CodeIgniter\Debug\Exceptions->errorHandler(2, 'Array to string...', '/root/Desktop/b...', 79)
#1 /root/Desktop/bimari/vendor/codeigniter4/framework/system/CodeIgniter.php(802): App\Controllers\StockOut->tambah()
#2 /root/Desktop/bimari/vendor/codeigniter4/framework/system/CodeIgniter.php(399): CodeIgniter\CodeIgniter->runController(Object(App\Controllers\StockOut))
#3 /root/Desktop/bimari/vendor/codeigniter4/framework/system/CodeIgniter.php(317): CodeIgniter\CodeIgniter->handleRequest(NULL, Object(Config\Cache), false)
#4 /root/Desktop/bimari/public/index.php(37): CodeIgniter\CodeIgniter->run()
#5 /root/Desktop/bimari/vendor/codeigniter4/framework/system/Commands/Server/rewrite.php(43): require_once('/root/Desktop/b...')
#6 {main}
