CRITICAL - 2021-09-14 08:54:05 --> Undefined variable $master
#0 /root/Desktop/bimari/app/Views/nav.php(27): CodeIgniter\Debug\Exceptions->errorHandler(2, 'Undefined varia...', '/root/Desktop/b...', 27)
#1 /root/Desktop/bimari/vendor/codeigniter4/framework/system/View/View.php(214): include('/root/Desktop/b...')
#2 /root/Desktop/bimari/vendor/codeigniter4/framework/system/View/View.php(217): CodeIgniter\View\View->CodeIgniter\View\{closure}()
#3 /root/Desktop/bimari/vendor/codeigniter4/framework/system/Common.php(1092): CodeIgniter\View\View->render('nav', Array, true)
#4 /root/Desktop/bimari/app/Views/dashboard.php(61): view('nav')
#5 /root/Desktop/bimari/vendor/codeigniter4/framework/system/View/View.php(214): include('/root/Desktop/b...')
#6 /root/Desktop/bimari/vendor/codeigniter4/framework/system/View/View.php(217): CodeIgniter\View\View->CodeIgniter\View\{closure}()
#7 /root/Desktop/bimari/vendor/codeigniter4/framework/system/View/View.php(230): CodeIgniter\View\View->render('dashboard', Array, true)
#8 /root/Desktop/bimari/vendor/codeigniter4/framework/system/Common.php(1092): CodeIgniter\View\View->render('stok/index', Array, true)
#9 /root/Desktop/bimari/app/Controllers/Stok.php(13): view('stok/index', Array)
#10 /root/Desktop/bimari/vendor/codeigniter4/framework/system/CodeIgniter.php(802): App\Controllers\Stok->index()
#11 /root/Desktop/bimari/vendor/codeigniter4/framework/system/CodeIgniter.php(399): CodeIgniter\CodeIgniter->runController(Object(App\Controllers\Stok))
#12 /root/Desktop/bimari/vendor/codeigniter4/framework/system/CodeIgniter.php(317): CodeIgniter\CodeIgniter->handleRequest(NULL, Object(Config\Cache), false)
#13 /root/Desktop/bimari/public/index.php(37): CodeIgniter\CodeIgniter->run()
#14 /root/Desktop/bimari/vendor/codeigniter4/framework/system/Commands/Server/rewrite.php(43): require_once('/root/Desktop/b...')
#15 {main}
CRITICAL - 2021-09-14 08:54:47 --> Undefined variable $kategori
#0 /root/Desktop/bimari/app/Views/nav.php(37): CodeIgniter\Debug\Exceptions->errorHandler(2, 'Undefined varia...', '/root/Desktop/b...', 37)
#1 /root/Desktop/bimari/vendor/codeigniter4/framework/system/View/View.php(214): include('/root/Desktop/b...')
#2 /root/Desktop/bimari/vendor/codeigniter4/framework/system/View/View.php(217): CodeIgniter\View\View->CodeIgniter\View\{closure}()
#3 /root/Desktop/bimari/vendor/codeigniter4/framework/system/Common.php(1092): CodeIgniter\View\View->render('nav', Array, true)
#4 /root/Desktop/bimari/app/Views/dashboard.php(61): view('nav')
#5 /root/Desktop/bimari/vendor/codeigniter4/framework/system/View/View.php(214): include('/root/Desktop/b...')
#6 /root/Desktop/bimari/vendor/codeigniter4/framework/system/View/View.php(217): CodeIgniter\View\View->CodeIgniter\View\{closure}()
#7 /root/Desktop/bimari/vendor/codeigniter4/framework/system/View/View.php(230): CodeIgniter\View\View->render('dashboard', Array, true)
#8 /root/Desktop/bimari/vendor/codeigniter4/framework/system/Common.php(1092): CodeIgniter\View\View->render('stok/index', Array, true)
#9 /root/Desktop/bimari/app/Controllers/Stok.php(13): view('stok/index', Array)
#10 /root/Desktop/bimari/vendor/codeigniter4/framework/system/CodeIgniter.php(802): App\Controllers\Stok->index()
#11 /root/Desktop/bimari/vendor/codeigniter4/framework/system/CodeIgniter.php(399): CodeIgniter\CodeIgniter->runController(Object(App\Controllers\Stok))
#12 /root/Desktop/bimari/vendor/codeigniter4/framework/system/CodeIgniter.php(317): CodeIgniter\CodeIgniter->handleRequest(NULL, Object(Config\Cache), false)
#13 /root/Desktop/bimari/public/index.php(37): CodeIgniter\CodeIgniter->run()
#14 /root/Desktop/bimari/vendor/codeigniter4/framework/system/Commands/Server/rewrite.php(43): require_once('/root/Desktop/b...')
#15 {main}
