CRITICAL - 2021-09-17 00:02:50 --> Undefined array key "id"
#0 /root/Desktop/bimari/app/Controllers/Stok.php(53): CodeIgniter\Debug\Exceptions->errorHandler(2, 'Undefined array...', '/root/Desktop/b...', 53)
#1 /root/Desktop/bimari/vendor/codeigniter4/framework/system/CodeIgniter.php(802): App\Controllers\Stok->tambah()
#2 /root/Desktop/bimari/vendor/codeigniter4/framework/system/CodeIgniter.php(399): CodeIgniter\CodeIgniter->runController(Object(App\Controllers\Stok))
#3 /root/Desktop/bimari/vendor/codeigniter4/framework/system/CodeIgniter.php(317): CodeIgniter\CodeIgniter->handleRequest(NULL, Object(Config\Cache), false)
#4 /root/Desktop/bimari/public/index.php(37): CodeIgniter\CodeIgniter->run()
#5 /root/Desktop/bimari/vendor/codeigniter4/framework/system/Commands/Server/rewrite.php(43): require_once('/root/Desktop/b...')
#6 {main}
CRITICAL - 2021-09-17 00:03:22 --> Undefined array key "id"
#0 /root/Desktop/bimari/app/Views/stok/index.php(62): CodeIgniter\Debug\Exceptions->errorHandler(2, 'Undefined array...', '/root/Desktop/b...', 62)
#1 /root/Desktop/bimari/vendor/codeigniter4/framework/system/View/View.php(214): include('/root/Desktop/b...')
#2 /root/Desktop/bimari/vendor/codeigniter4/framework/system/View/View.php(217): CodeIgniter\View\View->CodeIgniter\View\{closure}()
#3 /root/Desktop/bimari/vendor/codeigniter4/framework/system/Common.php(1092): CodeIgniter\View\View->render('stok/index', Array, true)
#4 /root/Desktop/bimari/app/Controllers/Stok.php(25): view('stok/index', Array)
#5 /root/Desktop/bimari/vendor/codeigniter4/framework/system/CodeIgniter.php(802): App\Controllers\Stok->index()
#6 /root/Desktop/bimari/vendor/codeigniter4/framework/system/CodeIgniter.php(399): CodeIgniter\CodeIgniter->runController(Object(App\Controllers\Stok))
#7 /root/Desktop/bimari/vendor/codeigniter4/framework/system/CodeIgniter.php(317): CodeIgniter\CodeIgniter->handleRequest(NULL, Object(Config\Cache), false)
#8 /root/Desktop/bimari/public/index.php(37): CodeIgniter\CodeIgniter->run()
#9 /root/Desktop/bimari/vendor/codeigniter4/framework/system/Commands/Server/rewrite.php(43): require_once('/root/Desktop/b...')
#10 {main}
CRITICAL - 2021-09-17 00:03:41 --> Array to string conversion
#0 /root/Desktop/bimari/app/Views/stok/index.php(80): CodeIgniter\Debug\Exceptions->errorHandler(2, 'Array to string...', '/root/Desktop/b...', 80)
#1 /root/Desktop/bimari/vendor/codeigniter4/framework/system/View/View.php(214): include('/root/Desktop/b...')
#2 /root/Desktop/bimari/vendor/codeigniter4/framework/system/View/View.php(217): CodeIgniter\View\View->CodeIgniter\View\{closure}()
#3 /root/Desktop/bimari/vendor/codeigniter4/framework/system/Common.php(1092): CodeIgniter\View\View->render('stok/index', Array, true)
#4 /root/Desktop/bimari/app/Controllers/Stok.php(25): view('stok/index', Array)
#5 /root/Desktop/bimari/vendor/codeigniter4/framework/system/CodeIgniter.php(802): App\Controllers\Stok->index()
#6 /root/Desktop/bimari/vendor/codeigniter4/framework/system/CodeIgniter.php(399): CodeIgniter\CodeIgniter->runController(Object(App\Controllers\Stok))
#7 /root/Desktop/bimari/vendor/codeigniter4/framework/system/CodeIgniter.php(317): CodeIgniter\CodeIgniter->handleRequest(NULL, Object(Config\Cache), false)
#8 /root/Desktop/bimari/public/index.php(37): CodeIgniter\CodeIgniter->run()
#9 /root/Desktop/bimari/vendor/codeigniter4/framework/system/Commands/Server/rewrite.php(43): require_once('/root/Desktop/b...')
#10 {main}
CRITICAL - 2021-09-17 00:04:54 --> Array to string conversion
#0 /root/Desktop/bimari/app/Views/stok/index.php(80): CodeIgniter\Debug\Exceptions->errorHandler(2, 'Array to string...', '/root/Desktop/b...', 80)
#1 /root/Desktop/bimari/vendor/codeigniter4/framework/system/View/View.php(214): include('/root/Desktop/b...')
#2 /root/Desktop/bimari/vendor/codeigniter4/framework/system/View/View.php(217): CodeIgniter\View\View->CodeIgniter\View\{closure}()
#3 /root/Desktop/bimari/vendor/codeigniter4/framework/system/Common.php(1092): CodeIgniter\View\View->render('stok/index', Array, true)
#4 /root/Desktop/bimari/app/Controllers/Stok.php(25): view('stok/index', Array)
#5 /root/Desktop/bimari/vendor/codeigniter4/framework/system/CodeIgniter.php(802): App\Controllers\Stok->index()
#6 /root/Desktop/bimari/vendor/codeigniter4/framework/system/CodeIgniter.php(399): CodeIgniter\CodeIgniter->runController(Object(App\Controllers\Stok))
#7 /root/Desktop/bimari/vendor/codeigniter4/framework/system/CodeIgniter.php(317): CodeIgniter\CodeIgniter->handleRequest(NULL, Object(Config\Cache), false)
#8 /root/Desktop/bimari/public/index.php(37): CodeIgniter\CodeIgniter->run()
#9 /root/Desktop/bimari/vendor/codeigniter4/framework/system/Commands/Server/rewrite.php(43): require_once('/root/Desktop/b...')
#10 {main}
ERROR - 2021-09-17 03:51:49 --> You have an error in your SQL syntax; check the manual that corresponds to your MariaDB server version for the right syntax to use near '}' at line 1
CRITICAL - 2021-09-17 03:51:49 --> You have an error in your SQL syntax; check the manual that corresponds to your MariaDB server version for the right syntax to use near '}' at line 1
#0 /root/Desktop/bimari/vendor/codeigniter4/framework/system/Database/MySQLi/Connection.php(280): mysqli->query('select s.id, s....')
#1 /root/Desktop/bimari/vendor/codeigniter4/framework/system/Database/BaseConnection.php(663): CodeIgniter\Database\MySQLi\Connection->execute('select s.id, s....')
#2 /root/Desktop/bimari/vendor/codeigniter4/framework/system/Database/BaseConnection.php(591): CodeIgniter\Database\BaseConnection->simpleQuery('select s.id, s....')
#3 /root/Desktop/bimari/app/Models/MStok.php(16): CodeIgniter\Database\BaseConnection->query('select s.id, s....')
#4 /root/Desktop/bimari/app/Models/MStok.php(26): App\Models\MStok->query('select s.id, s....')
#5 /root/Desktop/bimari/app/Controllers/Stok.php(107): App\Models\MStok->ambil('3')
#6 /root/Desktop/bimari/vendor/codeigniter4/framework/system/CodeIgniter.php(802): App\Controllers\Stok->update()
#7 /root/Desktop/bimari/vendor/codeigniter4/framework/system/CodeIgniter.php(399): CodeIgniter\CodeIgniter->runController(Object(App\Controllers\Stok))
#8 /root/Desktop/bimari/vendor/codeigniter4/framework/system/CodeIgniter.php(317): CodeIgniter\CodeIgniter->handleRequest(NULL, Object(Config\Cache), false)
#9 /root/Desktop/bimari/public/index.php(37): CodeIgniter\CodeIgniter->run()
#10 /root/Desktop/bimari/vendor/codeigniter4/framework/system/Commands/Server/rewrite.php(43): require_once('/root/Desktop/b...')
#11 {main}
CRITICAL - 2021-09-17 15:30:41 --> You must set the database table to be used with your query.
#0 /root/Desktop/bimari/vendor/codeigniter4/framework/system/Model.php(545): CodeIgniter\Database\BaseConnection->table(NULL)
#1 /root/Desktop/bimari/vendor/codeigniter4/framework/system/Model.php(688): CodeIgniter\Model->builder()
#2 /root/Desktop/bimari/app/Controllers/StockOut.php(21): CodeIgniter\Model->__get('barang')
#3 /root/Desktop/bimari/vendor/codeigniter4/framework/system/CodeIgniter.php(802): App\Controllers\StockOut->index()
#4 /root/Desktop/bimari/vendor/codeigniter4/framework/system/CodeIgniter.php(399): CodeIgniter\CodeIgniter->runController(Object(App\Controllers\StockOut))
#5 /root/Desktop/bimari/vendor/codeigniter4/framework/system/CodeIgniter.php(317): CodeIgniter\CodeIgniter->handleRequest(NULL, Object(Config\Cache), false)
#6 /root/Desktop/bimari/public/index.php(37): CodeIgniter\CodeIgniter->run()
#7 /root/Desktop/bimari/vendor/codeigniter4/framework/system/Commands/Server/rewrite.php(43): require_once('/root/Desktop/b...')
#8 {main}
