CRITICAL - 2021-10-07 02:38:46 --> Class "Dompdf\Options" not found
#0 /home/cagarxalam/Desktop/bimari/vendor/codeigniter4/framework/system/CodeIgniter.php(802): App\Controllers\StockOut->print('2')
#1 /home/cagarxalam/Desktop/bimari/vendor/codeigniter4/framework/system/CodeIgniter.php(399): CodeIgniter\CodeIgniter->runController(Object(App\Controllers\StockOut))
#2 /home/cagarxalam/Desktop/bimari/vendor/codeigniter4/framework/system/CodeIgniter.php(317): CodeIgniter\CodeIgniter->handleRequest(NULL, Object(Config\Cache), false)
#3 /home/cagarxalam/Desktop/bimari/public/index.php(37): CodeIgniter\CodeIgniter->run()
#4 /home/cagarxalam/Desktop/bimari/vendor/codeigniter4/framework/system/Commands/Server/rewrite.php(43): require_once('/home/cagarxala...')
#5 {main}
CRITICAL - 2021-10-07 02:42:35 --> Class "Dompdf\Options" not found
#0 /home/cagarxalam/Desktop/bimari/vendor/codeigniter4/framework/system/CodeIgniter.php(802): App\Controllers\StockOut->print('2')
#1 /home/cagarxalam/Desktop/bimari/vendor/codeigniter4/framework/system/CodeIgniter.php(399): CodeIgniter\CodeIgniter->runController(Object(App\Controllers\StockOut))
#2 /home/cagarxalam/Desktop/bimari/vendor/codeigniter4/framework/system/CodeIgniter.php(317): CodeIgniter\CodeIgniter->handleRequest(NULL, Object(Config\Cache), false)
#3 /home/cagarxalam/Desktop/bimari/public/index.php(37): CodeIgniter\CodeIgniter->run()
#4 /home/cagarxalam/Desktop/bimari/vendor/codeigniter4/framework/system/Commands/Server/rewrite.php(43): require_once('/home/cagarxala...')
#5 {main}
CRITICAL - 2021-10-07 02:42:37 --> Class "Dompdf\Options" not found
#0 /home/cagarxalam/Desktop/bimari/vendor/codeigniter4/framework/system/CodeIgniter.php(802): App\Controllers\StockOut->print('2')
#1 /home/cagarxalam/Desktop/bimari/vendor/codeigniter4/framework/system/CodeIgniter.php(399): CodeIgniter\CodeIgniter->runController(Object(App\Controllers\StockOut))
#2 /home/cagarxalam/Desktop/bimari/vendor/codeigniter4/framework/system/CodeIgniter.php(317): CodeIgniter\CodeIgniter->handleRequest(NULL, Object(Config\Cache), false)
#3 /home/cagarxalam/Desktop/bimari/public/index.php(37): CodeIgniter\CodeIgniter->run()
#4 /home/cagarxalam/Desktop/bimari/vendor/codeigniter4/framework/system/Commands/Server/rewrite.php(43): require_once('/home/cagarxala...')
#5 {main}
CRITICAL - 2021-10-07 02:46:58 --> Class "Dompdf\Dompdf" not found
#0 /home/cagarxalam/Desktop/bimari/vendor/codeigniter4/framework/system/CodeIgniter.php(802): App\Controllers\StockOut->print('2')
#1 /home/cagarxalam/Desktop/bimari/vendor/codeigniter4/framework/system/CodeIgniter.php(399): CodeIgniter\CodeIgniter->runController(Object(App\Controllers\StockOut))
#2 /home/cagarxalam/Desktop/bimari/vendor/codeigniter4/framework/system/CodeIgniter.php(317): CodeIgniter\CodeIgniter->handleRequest(NULL, Object(Config\Cache), false)
#3 /home/cagarxalam/Desktop/bimari/public/index.php(37): CodeIgniter\CodeIgniter->run()
#4 /home/cagarxalam/Desktop/bimari/vendor/codeigniter4/framework/system/Commands/Server/rewrite.php(43): require_once('/home/cagarxala...')
#5 {main}
CRITICAL - 2021-10-07 03:08:05 --> Class "Dompdf\Dompdf" not found
#0 /home/cagarxalam/Desktop/bimari/vendor/codeigniter4/framework/system/CodeIgniter.php(802): App\Controllers\StockOut->print('2')
#1 /home/cagarxalam/Desktop/bimari/vendor/codeigniter4/framework/system/CodeIgniter.php(399): CodeIgniter\CodeIgniter->runController(Object(App\Controllers\StockOut))
#2 /home/cagarxalam/Desktop/bimari/vendor/codeigniter4/framework/system/CodeIgniter.php(317): CodeIgniter\CodeIgniter->handleRequest(NULL, Object(Config\Cache), false)
#3 /home/cagarxalam/Desktop/bimari/public/index.php(37): CodeIgniter\CodeIgniter->run()
#4 /home/cagarxalam/Desktop/bimari/vendor/codeigniter4/framework/system/Commands/Server/rewrite.php(43): require_once('/home/cagarxala...')
#5 {main}
CRITICAL - 2021-10-07 03:08:25 --> Class "App\Controllers\Dompdf\Dompdf" not found
#0 /home/cagarxalam/Desktop/bimari/vendor/codeigniter4/framework/system/CodeIgniter.php(802): App\Controllers\StockOut->print('2')
#1 /home/cagarxalam/Desktop/bimari/vendor/codeigniter4/framework/system/CodeIgniter.php(399): CodeIgniter\CodeIgniter->runController(Object(App\Controllers\StockOut))
#2 /home/cagarxalam/Desktop/bimari/vendor/codeigniter4/framework/system/CodeIgniter.php(317): CodeIgniter\CodeIgniter->handleRequest(NULL, Object(Config\Cache), false)
#3 /home/cagarxalam/Desktop/bimari/public/index.php(37): CodeIgniter\CodeIgniter->run()
#4 /home/cagarxalam/Desktop/bimari/vendor/codeigniter4/framework/system/Commands/Server/rewrite.php(43): require_once('/home/cagarxala...')
#5 {main}
CRITICAL - 2021-10-07 03:09:08 --> Class "Dompdf\Dompdf" not found
#0 /home/cagarxalam/Desktop/bimari/vendor/codeigniter4/framework/system/CodeIgniter.php(802): App\Controllers\StockOut->print('2')
#1 /home/cagarxalam/Desktop/bimari/vendor/codeigniter4/framework/system/CodeIgniter.php(399): CodeIgniter\CodeIgniter->runController(Object(App\Controllers\StockOut))
#2 /home/cagarxalam/Desktop/bimari/vendor/codeigniter4/framework/system/CodeIgniter.php(317): CodeIgniter\CodeIgniter->handleRequest(NULL, Object(Config\Cache), false)
#3 /home/cagarxalam/Desktop/bimari/public/index.php(37): CodeIgniter\CodeIgniter->run()
#4 /home/cagarxalam/Desktop/bimari/vendor/codeigniter4/framework/system/Commands/Server/rewrite.php(43): require_once('/home/cagarxala...')
#5 {main}
CRITICAL - 2021-10-07 03:09:19 --> Class "App\Controllers\Dompdf\Dompdf" not found
#0 /home/cagarxalam/Desktop/bimari/vendor/codeigniter4/framework/system/CodeIgniter.php(802): App\Controllers\StockOut->print('2')
#1 /home/cagarxalam/Desktop/bimari/vendor/codeigniter4/framework/system/CodeIgniter.php(399): CodeIgniter\CodeIgniter->runController(Object(App\Controllers\StockOut))
#2 /home/cagarxalam/Desktop/bimari/vendor/codeigniter4/framework/system/CodeIgniter.php(317): CodeIgniter\CodeIgniter->handleRequest(NULL, Object(Config\Cache), false)
#3 /home/cagarxalam/Desktop/bimari/public/index.php(37): CodeIgniter\CodeIgniter->run()
#4 /home/cagarxalam/Desktop/bimari/vendor/codeigniter4/framework/system/Commands/Server/rewrite.php(43): require_once('/home/cagarxala...')
#5 {main}
CRITICAL - 2021-10-07 03:25:02 --> Class "Dompdf\Dompdf" not found
#0 /home/cagarxalam/Desktop/bimari/vendor/codeigniter4/framework/system/CodeIgniter.php(802): App\Controllers\StockOut->print('2')
#1 /home/cagarxalam/Desktop/bimari/vendor/codeigniter4/framework/system/CodeIgniter.php(399): CodeIgniter\CodeIgniter->runController(Object(App\Controllers\StockOut))
#2 /home/cagarxalam/Desktop/bimari/vendor/codeigniter4/framework/system/CodeIgniter.php(317): CodeIgniter\CodeIgniter->handleRequest(NULL, Object(Config\Cache), false)
#3 /home/cagarxalam/Desktop/bimari/public/index.php(37): CodeIgniter\CodeIgniter->run()
#4 /home/cagarxalam/Desktop/bimari/vendor/codeigniter4/framework/system/Commands/Server/rewrite.php(43): require_once('/home/cagarxala...')
#5 {main}
CRITICAL - 2021-10-07 03:25:35 --> Class "Dompdf\Cpdf" not found
#0 /home/cagarxalam/Desktop/bimari/app/Libraries/dompdf/src/CanvasFactory.php(57): Dompdf\Adapter\CPDF->__construct('letter', 'portrait', Object(Dompdf\Dompdf))
#1 /home/cagarxalam/Desktop/bimari/app/Libraries/dompdf/src/Dompdf.php(300): Dompdf\CanvasFactory::get_instance(Object(Dompdf\Dompdf), 'letter', 'portrait')
#2 /home/cagarxalam/Desktop/bimari/app/Controllers/StockOut.php(190): Dompdf\Dompdf->__construct()
#3 /home/cagarxalam/Desktop/bimari/vendor/codeigniter4/framework/system/CodeIgniter.php(802): App\Controllers\StockOut->print('2')
#4 /home/cagarxalam/Desktop/bimari/vendor/codeigniter4/framework/system/CodeIgniter.php(399): CodeIgniter\CodeIgniter->runController(Object(App\Controllers\StockOut))
#5 /home/cagarxalam/Desktop/bimari/vendor/codeigniter4/framework/system/CodeIgniter.php(317): CodeIgniter\CodeIgniter->handleRequest(NULL, Object(Config\Cache), false)
#6 /home/cagarxalam/Desktop/bimari/public/index.php(37): CodeIgniter\CodeIgniter->run()
#7 /home/cagarxalam/Desktop/bimari/vendor/codeigniter4/framework/system/Commands/Server/rewrite.php(43): require_once('/home/cagarxala...')
#8 {main}
CRITICAL - 2021-10-07 05:45:34 --> Cannot access private property Dompdf\Options::$isRemoteEnabled
#0 /home/cagarxalam/Desktop/bimari/vendor/codeigniter4/framework/system/CodeIgniter.php(802): App\Controllers\StockOut->print('2')
#1 /home/cagarxalam/Desktop/bimari/vendor/codeigniter4/framework/system/CodeIgniter.php(399): CodeIgniter\CodeIgniter->runController(Object(App\Controllers\StockOut))
#2 /home/cagarxalam/Desktop/bimari/vendor/codeigniter4/framework/system/CodeIgniter.php(317): CodeIgniter\CodeIgniter->handleRequest(NULL, Object(Config\Cache), false)
#3 /home/cagarxalam/Desktop/bimari/public/index.php(37): CodeIgniter\CodeIgniter->run()
#4 /home/cagarxalam/Desktop/bimari/vendor/codeigniter4/framework/system/Commands/Server/rewrite.php(43): require_once('/home/cagarxala...')
#5 {main}
CRITICAL - 2021-10-07 05:53:37 --> Class "Svg\Document" not found
#0 /home/cagarxalam/Desktop/bimari/app/Libraries/dompdf/src/FrameReflower/Image.php(93): Dompdf\Helpers::dompdf_getimagesize('/home/cagarxala...', NULL)
#1 /home/cagarxalam/Desktop/bimari/app/Libraries/dompdf/src/FrameReflower/Image.php(49): Dompdf\FrameReflower\Image->get_min_max_width()
#2 /home/cagarxalam/Desktop/bimari/app/Libraries/dompdf/src/FrameDecorator/AbstractFrameDecorator.php(895): Dompdf\FrameReflower\Image->reflow(Object(Dompdf\FrameDecorator\Block))
#3 /home/cagarxalam/Desktop/bimari/app/Libraries/dompdf/src/FrameReflower/Block.php(845): Dompdf\FrameDecorator\AbstractFrameDecorator->reflow(Object(Dompdf\FrameDecorator\Block))
#4 /home/cagarxalam/Desktop/bimari/app/Libraries/dompdf/src/FrameDecorator/AbstractFrameDecorator.php(895): Dompdf\FrameReflower\Block->reflow(NULL)
#5 /home/cagarxalam/Desktop/bimari/app/Libraries/dompdf/src/FrameReflower/Page.php(141): Dompdf\FrameDecorator\AbstractFrameDecorator->reflow()
#6 /home/cagarxalam/Desktop/bimari/app/Libraries/dompdf/src/FrameDecorator/AbstractFrameDecorator.php(895): Dompdf\FrameReflower\Page->reflow(NULL)
#7 /home/cagarxalam/Desktop/bimari/app/Libraries/dompdf/src/Dompdf.php(838): Dompdf\FrameDecorator\AbstractFrameDecorator->reflow()
#8 /home/cagarxalam/Desktop/bimari/app/Controllers/StockOut.php(201): Dompdf\Dompdf->render()
#9 /home/cagarxalam/Desktop/bimari/vendor/codeigniter4/framework/system/CodeIgniter.php(802): App\Controllers\StockOut->print('2')
#10 /home/cagarxalam/Desktop/bimari/vendor/codeigniter4/framework/system/CodeIgniter.php(399): CodeIgniter\CodeIgniter->runController(Object(App\Controllers\StockOut))
#11 /home/cagarxalam/Desktop/bimari/vendor/codeigniter4/framework/system/CodeIgniter.php(317): CodeIgniter\CodeIgniter->handleRequest(NULL, Object(Config\Cache), false)
#12 /home/cagarxalam/Desktop/bimari/public/index.php(37): CodeIgniter\CodeIgniter->run()
#13 /home/cagarxalam/Desktop/bimari/vendor/codeigniter4/framework/system/Commands/Server/rewrite.php(43): require_once('/home/cagarxala...')
#14 {main}
CRITICAL - 2021-10-07 05:53:42 --> Allowed memory size of 536870912 bytes exhausted (tried to allocate 222441472 bytes)
#0 [internal function]: CodeIgniter\Debug\Exceptions->shutdownHandler()
#1 {main}
CRITICAL - 2021-10-07 06:01:11 --> Class "Svg\Document" not found
#0 /home/cagarxalam/Desktop/bimari/app/Libraries/dompdf/src/FrameReflower/Image.php(93): Dompdf\Helpers::dompdf_getimagesize('/home/cagarxala...', NULL)
#1 /home/cagarxalam/Desktop/bimari/app/Libraries/dompdf/src/FrameReflower/Image.php(49): Dompdf\FrameReflower\Image->get_min_max_width()
#2 /home/cagarxalam/Desktop/bimari/app/Libraries/dompdf/src/FrameDecorator/AbstractFrameDecorator.php(895): Dompdf\FrameReflower\Image->reflow(Object(Dompdf\FrameDecorator\Block))
#3 /home/cagarxalam/Desktop/bimari/app/Libraries/dompdf/src/FrameReflower/Block.php(845): Dompdf\FrameDecorator\AbstractFrameDecorator->reflow(Object(Dompdf\FrameDecorator\Block))
#4 /home/cagarxalam/Desktop/bimari/app/Libraries/dompdf/src/FrameDecorator/AbstractFrameDecorator.php(895): Dompdf\FrameReflower\Block->reflow(NULL)
#5 /home/cagarxalam/Desktop/bimari/app/Libraries/dompdf/src/FrameReflower/Page.php(141): Dompdf\FrameDecorator\AbstractFrameDecorator->reflow()
#6 /home/cagarxalam/Desktop/bimari/app/Libraries/dompdf/src/FrameDecorator/AbstractFrameDecorator.php(895): Dompdf\FrameReflower\Page->reflow(NULL)
#7 /home/cagarxalam/Desktop/bimari/app/Libraries/dompdf/src/Dompdf.php(838): Dompdf\FrameDecorator\AbstractFrameDecorator->reflow()
#8 /home/cagarxalam/Desktop/bimari/app/Controllers/StockOut.php(201): Dompdf\Dompdf->render()
#9 /home/cagarxalam/Desktop/bimari/vendor/codeigniter4/framework/system/CodeIgniter.php(802): App\Controllers\StockOut->print('2')
#10 /home/cagarxalam/Desktop/bimari/vendor/codeigniter4/framework/system/CodeIgniter.php(399): CodeIgniter\CodeIgniter->runController(Object(App\Controllers\StockOut))
#11 /home/cagarxalam/Desktop/bimari/vendor/codeigniter4/framework/system/CodeIgniter.php(317): CodeIgniter\CodeIgniter->handleRequest(NULL, Object(Config\Cache), false)
#12 /home/cagarxalam/Desktop/bimari/public/index.php(37): CodeIgniter\CodeIgniter->run()
#13 /home/cagarxalam/Desktop/bimari/vendor/codeigniter4/framework/system/Commands/Server/rewrite.php(43): require_once('/home/cagarxala...')
#14 {main}
CRITICAL - 2021-10-07 06:01:16 --> Allowed memory size of 536870912 bytes exhausted (tried to allocate 222441472 bytes)
#0 [internal function]: CodeIgniter\Debug\Exceptions->shutdownHandler()
#1 {main}
CRITICAL - 2021-10-07 06:41:22 --> Class "Svg\Document" not found
#0 /home/cagarxalam/Desktop/bimari/app/Libraries/dompdf/src/FrameReflower/Image.php(93): Dompdf\Helpers::dompdf_getimagesize('/home/cagarxala...', NULL)
#1 /home/cagarxalam/Desktop/bimari/app/Libraries/dompdf/src/FrameReflower/Image.php(49): Dompdf\FrameReflower\Image->get_min_max_width()
#2 /home/cagarxalam/Desktop/bimari/app/Libraries/dompdf/src/FrameDecorator/AbstractFrameDecorator.php(895): Dompdf\FrameReflower\Image->reflow(Object(Dompdf\FrameDecorator\Block))
#3 /home/cagarxalam/Desktop/bimari/app/Libraries/dompdf/src/FrameReflower/Block.php(845): Dompdf\FrameDecorator\AbstractFrameDecorator->reflow(Object(Dompdf\FrameDecorator\Block))
#4 /home/cagarxalam/Desktop/bimari/app/Libraries/dompdf/src/FrameDecorator/AbstractFrameDecorator.php(895): Dompdf\FrameReflower\Block->reflow(Object(Dompdf\FrameDecorator\Block))
#5 /home/cagarxalam/Desktop/bimari/app/Libraries/dompdf/src/FrameReflower/Block.php(845): Dompdf\FrameDecorator\AbstractFrameDecorator->reflow(Object(Dompdf\FrameDecorator\Block))
#6 /home/cagarxalam/Desktop/bimari/app/Libraries/dompdf/src/FrameDecorator/AbstractFrameDecorator.php(895): Dompdf\FrameReflower\Block->reflow(Object(Dompdf\FrameDecorator\Block))
#7 /home/cagarxalam/Desktop/bimari/app/Libraries/dompdf/src/FrameReflower/Block.php(845): Dompdf\FrameDecorator\AbstractFrameDecorator->reflow(Object(Dompdf\FrameDecorator\Block))
#8 /home/cagarxalam/Desktop/bimari/app/Libraries/dompdf/src/FrameDecorator/AbstractFrameDecorator.php(895): Dompdf\FrameReflower\Block->reflow(Object(Dompdf\FrameDecorator\Block))
#9 /home/cagarxalam/Desktop/bimari/app/Libraries/dompdf/src/FrameReflower/Block.php(845): Dompdf\FrameDecorator\AbstractFrameDecorator->reflow(Object(Dompdf\FrameDecorator\Block))
#10 /home/cagarxalam/Desktop/bimari/app/Libraries/dompdf/src/FrameDecorator/AbstractFrameDecorator.php(895): Dompdf\FrameReflower\Block->reflow(NULL)
#11 /home/cagarxalam/Desktop/bimari/app/Libraries/dompdf/src/FrameReflower/Page.php(141): Dompdf\FrameDecorator\AbstractFrameDecorator->reflow()
#12 /home/cagarxalam/Desktop/bimari/app/Libraries/dompdf/src/FrameDecorator/AbstractFrameDecorator.php(895): Dompdf\FrameReflower\Page->reflow(NULL)
#13 /home/cagarxalam/Desktop/bimari/app/Libraries/dompdf/src/Dompdf.php(838): Dompdf\FrameDecorator\AbstractFrameDecorator->reflow()
#14 /home/cagarxalam/Desktop/bimari/app/Controllers/StockOut.php(201): Dompdf\Dompdf->render()
#15 /home/cagarxalam/Desktop/bimari/vendor/codeigniter4/framework/system/CodeIgniter.php(802): App\Controllers\StockOut->print('2')
#16 /home/cagarxalam/Desktop/bimari/vendor/codeigniter4/framework/system/CodeIgniter.php(399): CodeIgniter\CodeIgniter->runController(Object(App\Controllers\StockOut))
#17 /home/cagarxalam/Desktop/bimari/vendor/codeigniter4/framework/system/CodeIgniter.php(317): CodeIgniter\CodeIgniter->handleRequest(NULL, Object(Config\Cache), false)
#18 /home/cagarxalam/Desktop/bimari/public/index.php(37): CodeIgniter\CodeIgniter->run()
#19 /home/cagarxalam/Desktop/bimari/vendor/codeigniter4/framework/system/Commands/Server/rewrite.php(43): require_once('/home/cagarxala...')
#20 {main}
CRITICAL - 2021-10-07 06:41:24 --> Allowed memory size of 536870912 bytes exhausted (tried to allocate 268173312 bytes)
#0 [internal function]: CodeIgniter\Debug\Exceptions->shutdownHandler()
#1 {main}
CRITICAL - 2021-10-07 06:43:30 --> Class "Svg\Document" not found
#0 /home/cagarxalam/Desktop/bimari/app/Libraries/dompdf/src/FrameReflower/Image.php(93): Dompdf\Helpers::dompdf_getimagesize('/home/cagarxala...', NULL)
#1 /home/cagarxalam/Desktop/bimari/app/Libraries/dompdf/src/FrameReflower/Image.php(49): Dompdf\FrameReflower\Image->get_min_max_width()
#2 /home/cagarxalam/Desktop/bimari/app/Libraries/dompdf/src/FrameDecorator/AbstractFrameDecorator.php(895): Dompdf\FrameReflower\Image->reflow(Object(Dompdf\FrameDecorator\Block))
#3 /home/cagarxalam/Desktop/bimari/app/Libraries/dompdf/src/FrameReflower/Block.php(845): Dompdf\FrameDecorator\AbstractFrameDecorator->reflow(Object(Dompdf\FrameDecorator\Block))
#4 /home/cagarxalam/Desktop/bimari/app/Libraries/dompdf/src/FrameDecorator/AbstractFrameDecorator.php(895): Dompdf\FrameReflower\Block->reflow(Object(Dompdf\FrameDecorator\Block))
#5 /home/cagarxalam/Desktop/bimari/app/Libraries/dompdf/src/FrameReflower/Block.php(845): Dompdf\FrameDecorator\AbstractFrameDecorator->reflow(Object(Dompdf\FrameDecorator\Block))
#6 /home/cagarxalam/Desktop/bimari/app/Libraries/dompdf/src/FrameDecorator/AbstractFrameDecorator.php(895): Dompdf\FrameReflower\Block->reflow(Object(Dompdf\FrameDecorator\Block))
#7 /home/cagarxalam/Desktop/bimari/app/Libraries/dompdf/src/FrameReflower/Block.php(845): Dompdf\FrameDecorator\AbstractFrameDecorator->reflow(Object(Dompdf\FrameDecorator\Block))
#8 /home/cagarxalam/Desktop/bimari/app/Libraries/dompdf/src/FrameDecorator/AbstractFrameDecorator.php(895): Dompdf\FrameReflower\Block->reflow(Object(Dompdf\FrameDecorator\Block))
#9 /home/cagarxalam/Desktop/bimari/app/Libraries/dompdf/src/FrameReflower/Block.php(845): Dompdf\FrameDecorator\AbstractFrameDecorator->reflow(Object(Dompdf\FrameDecorator\Block))
#10 /home/cagarxalam/Desktop/bimari/app/Libraries/dompdf/src/FrameDecorator/AbstractFrameDecorator.php(895): Dompdf\FrameReflower\Block->reflow(NULL)
#11 /home/cagarxalam/Desktop/bimari/app/Libraries/dompdf/src/FrameReflower/Page.php(141): Dompdf\FrameDecorator\AbstractFrameDecorator->reflow()
#12 /home/cagarxalam/Desktop/bimari/app/Libraries/dompdf/src/FrameDecorator/AbstractFrameDecorator.php(895): Dompdf\FrameReflower\Page->reflow(NULL)
#13 /home/cagarxalam/Desktop/bimari/app/Libraries/dompdf/src/Dompdf.php(838): Dompdf\FrameDecorator\AbstractFrameDecorator->reflow()
#14 /home/cagarxalam/Desktop/bimari/app/Controllers/StockOut.php(201): Dompdf\Dompdf->render()
#15 /home/cagarxalam/Desktop/bimari/vendor/codeigniter4/framework/system/CodeIgniter.php(802): App\Controllers\StockOut->print('2')
#16 /home/cagarxalam/Desktop/bimari/vendor/codeigniter4/framework/system/CodeIgniter.php(399): CodeIgniter\CodeIgniter->runController(Object(App\Controllers\StockOut))
#17 /home/cagarxalam/Desktop/bimari/vendor/codeigniter4/framework/system/CodeIgniter.php(317): CodeIgniter\CodeIgniter->handleRequest(NULL, Object(Config\Cache), false)
#18 /home/cagarxalam/Desktop/bimari/public/index.php(37): CodeIgniter\CodeIgniter->run()
#19 /home/cagarxalam/Desktop/bimari/vendor/codeigniter4/framework/system/Commands/Server/rewrite.php(43): require_once('/home/cagarxala...')
#20 {main}
CRITICAL - 2021-10-07 06:43:31 --> Allowed memory size of 536870912 bytes exhausted (tried to allocate 268173312 bytes)
#0 [internal function]: CodeIgniter\Debug\Exceptions->shutdownHandler()
#1 {main}
CRITICAL - 2021-10-07 06:51:52 --> Class "Svg\Document" not found
#0 /home/cagarxalam/Desktop/bimari/app/Libraries/dompdf/src/FrameReflower/Image.php(93): Dompdf\Helpers::dompdf_getimagesize('/home/cagarxala...', NULL)
#1 /home/cagarxalam/Desktop/bimari/app/Libraries/dompdf/src/FrameReflower/Image.php(49): Dompdf\FrameReflower\Image->get_min_max_width()
#2 /home/cagarxalam/Desktop/bimari/app/Libraries/dompdf/src/FrameDecorator/AbstractFrameDecorator.php(895): Dompdf\FrameReflower\Image->reflow(Object(Dompdf\FrameDecorator\Block))
#3 /home/cagarxalam/Desktop/bimari/app/Libraries/dompdf/src/FrameReflower/Block.php(845): Dompdf\FrameDecorator\AbstractFrameDecorator->reflow(Object(Dompdf\FrameDecorator\Block))
#4 /home/cagarxalam/Desktop/bimari/app/Libraries/dompdf/src/FrameDecorator/AbstractFrameDecorator.php(895): Dompdf\FrameReflower\Block->reflow(Object(Dompdf\FrameDecorator\Block))
#5 /home/cagarxalam/Desktop/bimari/app/Libraries/dompdf/src/FrameReflower/Block.php(845): Dompdf\FrameDecorator\AbstractFrameDecorator->reflow(Object(Dompdf\FrameDecorator\Block))
#6 /home/cagarxalam/Desktop/bimari/app/Libraries/dompdf/src/FrameDecorator/AbstractFrameDecorator.php(895): Dompdf\FrameReflower\Block->reflow(Object(Dompdf\FrameDecorator\Block))
#7 /home/cagarxalam/Desktop/bimari/app/Libraries/dompdf/src/FrameReflower/Block.php(845): Dompdf\FrameDecorator\AbstractFrameDecorator->reflow(Object(Dompdf\FrameDecorator\Block))
#8 /home/cagarxalam/Desktop/bimari/app/Libraries/dompdf/src/FrameDecorator/AbstractFrameDecorator.php(895): Dompdf\FrameReflower\Block->reflow(Object(Dompdf\FrameDecorator\Block))
#9 /home/cagarxalam/Desktop/bimari/app/Libraries/dompdf/src/FrameReflower/Block.php(845): Dompdf\FrameDecorator\AbstractFrameDecorator->reflow(Object(Dompdf\FrameDecorator\Block))
#10 /home/cagarxalam/Desktop/bimari/app/Libraries/dompdf/src/FrameDecorator/AbstractFrameDecorator.php(895): Dompdf\FrameReflower\Block->reflow(NULL)
#11 /home/cagarxalam/Desktop/bimari/app/Libraries/dompdf/src/FrameReflower/Page.php(141): Dompdf\FrameDecorator\AbstractFrameDecorator->reflow()
#12 /home/cagarxalam/Desktop/bimari/app/Libraries/dompdf/src/FrameDecorator/AbstractFrameDecorator.php(895): Dompdf\FrameReflower\Page->reflow(NULL)
#13 /home/cagarxalam/Desktop/bimari/app/Libraries/dompdf/src/Dompdf.php(838): Dompdf\FrameDecorator\AbstractFrameDecorator->reflow()
#14 /home/cagarxalam/Desktop/bimari/app/Controllers/StockOut.php(199): Dompdf\Dompdf->render()
#15 /home/cagarxalam/Desktop/bimari/vendor/codeigniter4/framework/system/CodeIgniter.php(802): App\Controllers\StockOut->print('2')
#16 /home/cagarxalam/Desktop/bimari/vendor/codeigniter4/framework/system/CodeIgniter.php(399): CodeIgniter\CodeIgniter->runController(Object(App\Controllers\StockOut))
#17 /home/cagarxalam/Desktop/bimari/vendor/codeigniter4/framework/system/CodeIgniter.php(317): CodeIgniter\CodeIgniter->handleRequest(NULL, Object(Config\Cache), false)
#18 /home/cagarxalam/Desktop/bimari/public/index.php(37): CodeIgniter\CodeIgniter->run()
#19 /home/cagarxalam/Desktop/bimari/vendor/codeigniter4/framework/system/Commands/Server/rewrite.php(43): require_once('/home/cagarxala...')
#20 {main}
CRITICAL - 2021-10-07 06:51:55 --> Allowed memory size of 536870912 bytes exhausted (tried to allocate 402391040 bytes)
#0 [internal function]: CodeIgniter\Debug\Exceptions->shutdownHandler()
#1 {main}
CRITICAL - 2021-10-07 06:58:07 --> Class "Svg\Document" not found
#0 /home/cagarxalam/Desktop/bimari/app/Libraries/dompdf/src/FrameReflower/Image.php(93): Dompdf\Helpers::dompdf_getimagesize('/home/cagarxala...', NULL)
#1 /home/cagarxalam/Desktop/bimari/app/Libraries/dompdf/src/FrameReflower/Image.php(49): Dompdf\FrameReflower\Image->get_min_max_width()
#2 /home/cagarxalam/Desktop/bimari/app/Libraries/dompdf/src/FrameDecorator/AbstractFrameDecorator.php(895): Dompdf\FrameReflower\Image->reflow(Object(Dompdf\FrameDecorator\Block))
#3 /home/cagarxalam/Desktop/bimari/app/Libraries/dompdf/src/FrameReflower/Block.php(845): Dompdf\FrameDecorator\AbstractFrameDecorator->reflow(Object(Dompdf\FrameDecorator\Block))
#4 /home/cagarxalam/Desktop/bimari/app/Libraries/dompdf/src/FrameDecorator/AbstractFrameDecorator.php(895): Dompdf\FrameReflower\Block->reflow(Object(Dompdf\FrameDecorator\Block))
#5 /home/cagarxalam/Desktop/bimari/app/Libraries/dompdf/src/FrameReflower/Block.php(845): Dompdf\FrameDecorator\AbstractFrameDecorator->reflow(Object(Dompdf\FrameDecorator\Block))
#6 /home/cagarxalam/Desktop/bimari/app/Libraries/dompdf/src/FrameDecorator/AbstractFrameDecorator.php(895): Dompdf\FrameReflower\Block->reflow(Object(Dompdf\FrameDecorator\Block))
#7 /home/cagarxalam/Desktop/bimari/app/Libraries/dompdf/src/FrameReflower/Block.php(845): Dompdf\FrameDecorator\AbstractFrameDecorator->reflow(Object(Dompdf\FrameDecorator\Block))
#8 /home/cagarxalam/Desktop/bimari/app/Libraries/dompdf/src/FrameDecorator/AbstractFrameDecorator.php(895): Dompdf\FrameReflower\Block->reflow(Object(Dompdf\FrameDecorator\Block))
#9 /home/cagarxalam/Desktop/bimari/app/Libraries/dompdf/src/FrameReflower/Block.php(845): Dompdf\FrameDecorator\AbstractFrameDecorator->reflow(Object(Dompdf\FrameDecorator\Block))
#10 /home/cagarxalam/Desktop/bimari/app/Libraries/dompdf/src/FrameDecorator/AbstractFrameDecorator.php(895): Dompdf\FrameReflower\Block->reflow(NULL)
#11 /home/cagarxalam/Desktop/bimari/app/Libraries/dompdf/src/FrameReflower/Page.php(141): Dompdf\FrameDecorator\AbstractFrameDecorator->reflow()
#12 /home/cagarxalam/Desktop/bimari/app/Libraries/dompdf/src/FrameDecorator/AbstractFrameDecorator.php(895): Dompdf\FrameReflower\Page->reflow(NULL)
#13 /home/cagarxalam/Desktop/bimari/app/Libraries/dompdf/src/Dompdf.php(838): Dompdf\FrameDecorator\AbstractFrameDecorator->reflow()
#14 /home/cagarxalam/Desktop/bimari/app/Controllers/StockOut.php(200): Dompdf\Dompdf->render()
#15 /home/cagarxalam/Desktop/bimari/vendor/codeigniter4/framework/system/CodeIgniter.php(802): App\Controllers\StockOut->print('2')
#16 /home/cagarxalam/Desktop/bimari/vendor/codeigniter4/framework/system/CodeIgniter.php(399): CodeIgniter\CodeIgniter->runController(Object(App\Controllers\StockOut))
#17 /home/cagarxalam/Desktop/bimari/vendor/codeigniter4/framework/system/CodeIgniter.php(317): CodeIgniter\CodeIgniter->handleRequest(NULL, Object(Config\Cache), false)
#18 /home/cagarxalam/Desktop/bimari/public/index.php(37): CodeIgniter\CodeIgniter->run()
#19 /home/cagarxalam/Desktop/bimari/vendor/codeigniter4/framework/system/Commands/Server/rewrite.php(43): require_once('/home/cagarxala...')
#20 {main}
CRITICAL - 2021-10-07 06:58:09 --> Allowed memory size of 536870912 bytes exhausted (tried to allocate 402391040 bytes)
#0 [internal function]: CodeIgniter\Debug\Exceptions->shutdownHandler()
#1 {main}
CRITICAL - 2021-10-07 06:58:10 --> Class "Svg\Document" not found
#0 /home/cagarxalam/Desktop/bimari/app/Libraries/dompdf/src/FrameReflower/Image.php(93): Dompdf\Helpers::dompdf_getimagesize('/home/cagarxala...', NULL)
#1 /home/cagarxalam/Desktop/bimari/app/Libraries/dompdf/src/FrameReflower/Image.php(49): Dompdf\FrameReflower\Image->get_min_max_width()
#2 /home/cagarxalam/Desktop/bimari/app/Libraries/dompdf/src/FrameDecorator/AbstractFrameDecorator.php(895): Dompdf\FrameReflower\Image->reflow(Object(Dompdf\FrameDecorator\Block))
#3 /home/cagarxalam/Desktop/bimari/app/Libraries/dompdf/src/FrameReflower/Block.php(845): Dompdf\FrameDecorator\AbstractFrameDecorator->reflow(Object(Dompdf\FrameDecorator\Block))
#4 /home/cagarxalam/Desktop/bimari/app/Libraries/dompdf/src/FrameDecorator/AbstractFrameDecorator.php(895): Dompdf\FrameReflower\Block->reflow(Object(Dompdf\FrameDecorator\Block))
#5 /home/cagarxalam/Desktop/bimari/app/Libraries/dompdf/src/FrameReflower/Block.php(845): Dompdf\FrameDecorator\AbstractFrameDecorator->reflow(Object(Dompdf\FrameDecorator\Block))
#6 /home/cagarxalam/Desktop/bimari/app/Libraries/dompdf/src/FrameDecorator/AbstractFrameDecorator.php(895): Dompdf\FrameReflower\Block->reflow(Object(Dompdf\FrameDecorator\Block))
#7 /home/cagarxalam/Desktop/bimari/app/Libraries/dompdf/src/FrameReflower/Block.php(845): Dompdf\FrameDecorator\AbstractFrameDecorator->reflow(Object(Dompdf\FrameDecorator\Block))
#8 /home/cagarxalam/Desktop/bimari/app/Libraries/dompdf/src/FrameDecorator/AbstractFrameDecorator.php(895): Dompdf\FrameReflower\Block->reflow(Object(Dompdf\FrameDecorator\Block))
#9 /home/cagarxalam/Desktop/bimari/app/Libraries/dompdf/src/FrameReflower/Block.php(845): Dompdf\FrameDecorator\AbstractFrameDecorator->reflow(Object(Dompdf\FrameDecorator\Block))
#10 /home/cagarxalam/Desktop/bimari/app/Libraries/dompdf/src/FrameDecorator/AbstractFrameDecorator.php(895): Dompdf\FrameReflower\Block->reflow(NULL)
#11 /home/cagarxalam/Desktop/bimari/app/Libraries/dompdf/src/FrameReflower/Page.php(141): Dompdf\FrameDecorator\AbstractFrameDecorator->reflow()
#12 /home/cagarxalam/Desktop/bimari/app/Libraries/dompdf/src/FrameDecorator/AbstractFrameDecorator.php(895): Dompdf\FrameReflower\Page->reflow(NULL)
#13 /home/cagarxalam/Desktop/bimari/app/Libraries/dompdf/src/Dompdf.php(838): Dompdf\FrameDecorator\AbstractFrameDecorator->reflow()
#14 /home/cagarxalam/Desktop/bimari/app/Controllers/StockOut.php(200): Dompdf\Dompdf->render()
#15 /home/cagarxalam/Desktop/bimari/vendor/codeigniter4/framework/system/CodeIgniter.php(802): App\Controllers\StockOut->print('2')
#16 /home/cagarxalam/Desktop/bimari/vendor/codeigniter4/framework/system/CodeIgniter.php(399): CodeIgniter\CodeIgniter->runController(Object(App\Controllers\StockOut))
#17 /home/cagarxalam/Desktop/bimari/vendor/codeigniter4/framework/system/CodeIgniter.php(317): CodeIgniter\CodeIgniter->handleRequest(NULL, Object(Config\Cache), false)
#18 /home/cagarxalam/Desktop/bimari/public/index.php(37): CodeIgniter\CodeIgniter->run()
#19 /home/cagarxalam/Desktop/bimari/vendor/codeigniter4/framework/system/Commands/Server/rewrite.php(43): require_once('/home/cagarxala...')
#20 {main}
CRITICAL - 2021-10-07 06:58:11 --> Allowed memory size of 536870912 bytes exhausted (tried to allocate 268173312 bytes)
#0 [internal function]: CodeIgniter\Debug\Exceptions->shutdownHandler()
#1 {main}
CRITICAL - 2021-10-07 06:59:47 --> Too few arguments to function Dompdf\Dompdf::setOptions(), 0 passed in /home/cagarxalam/Desktop/bimari/app/Controllers/StockOut.php on line 192 and exactly 1 expected
#0 /home/cagarxalam/Desktop/bimari/app/Controllers/StockOut.php(192): Dompdf\Dompdf->setOptions()
#1 /home/cagarxalam/Desktop/bimari/vendor/codeigniter4/framework/system/CodeIgniter.php(802): App\Controllers\StockOut->print('2')
#2 /home/cagarxalam/Desktop/bimari/vendor/codeigniter4/framework/system/CodeIgniter.php(399): CodeIgniter\CodeIgniter->runController(Object(App\Controllers\StockOut))
#3 /home/cagarxalam/Desktop/bimari/vendor/codeigniter4/framework/system/CodeIgniter.php(317): CodeIgniter\CodeIgniter->handleRequest(NULL, Object(Config\Cache), false)
#4 /home/cagarxalam/Desktop/bimari/public/index.php(37): CodeIgniter\CodeIgniter->run()
#5 /home/cagarxalam/Desktop/bimari/vendor/codeigniter4/framework/system/Commands/Server/rewrite.php(43): require_once('/home/cagarxala...')
#6 {main}
CRITICAL - 2021-10-07 07:06:30 --> Class "Svg\Document" not found
#0 /home/cagarxalam/Desktop/bimari/app/Libraries/dompdf/src/FrameReflower/Image.php(93): Dompdf\Helpers::dompdf_getimagesize('/home/cagarxala...', NULL)
#1 /home/cagarxalam/Desktop/bimari/app/Libraries/dompdf/src/FrameReflower/Image.php(49): Dompdf\FrameReflower\Image->get_min_max_width()
#2 /home/cagarxalam/Desktop/bimari/app/Libraries/dompdf/src/FrameDecorator/AbstractFrameDecorator.php(895): Dompdf\FrameReflower\Image->reflow(Object(Dompdf\FrameDecorator\Block))
#3 /home/cagarxalam/Desktop/bimari/app/Libraries/dompdf/src/FrameReflower/Block.php(845): Dompdf\FrameDecorator\AbstractFrameDecorator->reflow(Object(Dompdf\FrameDecorator\Block))
#4 /home/cagarxalam/Desktop/bimari/app/Libraries/dompdf/src/FrameDecorator/AbstractFrameDecorator.php(895): Dompdf\FrameReflower\Block->reflow(Object(Dompdf\FrameDecorator\Block))
#5 /home/cagarxalam/Desktop/bimari/app/Libraries/dompdf/src/FrameReflower/Block.php(845): Dompdf\FrameDecorator\AbstractFrameDecorator->reflow(Object(Dompdf\FrameDecorator\Block))
#6 /home/cagarxalam/Desktop/bimari/app/Libraries/dompdf/src/FrameDecorator/AbstractFrameDecorator.php(895): Dompdf\FrameReflower\Block->reflow(Object(Dompdf\FrameDecorator\Block))
#7 /home/cagarxalam/Desktop/bimari/app/Libraries/dompdf/src/FrameReflower/Block.php(845): Dompdf\FrameDecorator\AbstractFrameDecorator->reflow(Object(Dompdf\FrameDecorator\Block))
#8 /home/cagarxalam/Desktop/bimari/app/Libraries/dompdf/src/FrameDecorator/AbstractFrameDecorator.php(895): Dompdf\FrameReflower\Block->reflow(Object(Dompdf\FrameDecorator\Block))
#9 /home/cagarxalam/Desktop/bimari/app/Libraries/dompdf/src/FrameReflower/Block.php(845): Dompdf\FrameDecorator\AbstractFrameDecorator->reflow(Object(Dompdf\FrameDecorator\Block))
#10 /home/cagarxalam/Desktop/bimari/app/Libraries/dompdf/src/FrameDecorator/AbstractFrameDecorator.php(895): Dompdf\FrameReflower\Block->reflow(NULL)
#11 /home/cagarxalam/Desktop/bimari/app/Libraries/dompdf/src/FrameReflower/Page.php(141): Dompdf\FrameDecorator\AbstractFrameDecorator->reflow()
#12 /home/cagarxalam/Desktop/bimari/app/Libraries/dompdf/src/FrameDecorator/AbstractFrameDecorator.php(895): Dompdf\FrameReflower\Page->reflow(NULL)
#13 /home/cagarxalam/Desktop/bimari/app/Libraries/dompdf/src/Dompdf.php(838): Dompdf\FrameDecorator\AbstractFrameDecorator->reflow()
#14 /home/cagarxalam/Desktop/bimari/app/Controllers/StockOut.php(195): Dompdf\Dompdf->render()
#15 /home/cagarxalam/Desktop/bimari/vendor/codeigniter4/framework/system/CodeIgniter.php(802): App\Controllers\StockOut->print('2')
#16 /home/cagarxalam/Desktop/bimari/vendor/codeigniter4/framework/system/CodeIgniter.php(399): CodeIgniter\CodeIgniter->runController(Object(App\Controllers\StockOut))
#17 /home/cagarxalam/Desktop/bimari/vendor/codeigniter4/framework/system/CodeIgniter.php(317): CodeIgniter\CodeIgniter->handleRequest(NULL, Object(Config\Cache), false)
#18 /home/cagarxalam/Desktop/bimari/public/index.php(37): CodeIgniter\CodeIgniter->run()
#19 /home/cagarxalam/Desktop/bimari/vendor/codeigniter4/framework/system/Commands/Server/rewrite.php(43): require_once('/home/cagarxala...')
#20 {main}
CRITICAL - 2021-10-07 07:06:33 --> Allowed memory size of 536870912 bytes exhausted (tried to allocate 467668992 bytes)
#0 [internal function]: CodeIgniter\Debug\Exceptions->shutdownHandler()
#1 {main}
CRITICAL - 2021-10-07 07:20:55 --> Class "Svg\Document" not found
#0 /home/cagarxalam/Desktop/bimari/app/Libraries/dompdf/src/FrameReflower/Image.php(93): Dompdf\Helpers::dompdf_getimagesize('/home/cagarxala...', NULL)
#1 /home/cagarxalam/Desktop/bimari/app/Libraries/dompdf/src/FrameReflower/Image.php(49): Dompdf\FrameReflower\Image->get_min_max_width()
#2 /home/cagarxalam/Desktop/bimari/app/Libraries/dompdf/src/FrameDecorator/AbstractFrameDecorator.php(895): Dompdf\FrameReflower\Image->reflow(Object(Dompdf\FrameDecorator\Block))
#3 /home/cagarxalam/Desktop/bimari/app/Libraries/dompdf/src/FrameReflower/Block.php(845): Dompdf\FrameDecorator\AbstractFrameDecorator->reflow(Object(Dompdf\FrameDecorator\Block))
#4 /home/cagarxalam/Desktop/bimari/app/Libraries/dompdf/src/FrameDecorator/AbstractFrameDecorator.php(895): Dompdf\FrameReflower\Block->reflow(Object(Dompdf\FrameDecorator\Block))
#5 /home/cagarxalam/Desktop/bimari/app/Libraries/dompdf/src/FrameReflower/Block.php(845): Dompdf\FrameDecorator\AbstractFrameDecorator->reflow(Object(Dompdf\FrameDecorator\Block))
#6 /home/cagarxalam/Desktop/bimari/app/Libraries/dompdf/src/FrameDecorator/AbstractFrameDecorator.php(895): Dompdf\FrameReflower\Block->reflow(Object(Dompdf\FrameDecorator\Block))
#7 /home/cagarxalam/Desktop/bimari/app/Libraries/dompdf/src/FrameReflower/Block.php(845): Dompdf\FrameDecorator\AbstractFrameDecorator->reflow(Object(Dompdf\FrameDecorator\Block))
#8 /home/cagarxalam/Desktop/bimari/app/Libraries/dompdf/src/FrameDecorator/AbstractFrameDecorator.php(895): Dompdf\FrameReflower\Block->reflow(Object(Dompdf\FrameDecorator\Block))
#9 /home/cagarxalam/Desktop/bimari/app/Libraries/dompdf/src/FrameReflower/Block.php(845): Dompdf\FrameDecorator\AbstractFrameDecorator->reflow(Object(Dompdf\FrameDecorator\Block))
#10 /home/cagarxalam/Desktop/bimari/app/Libraries/dompdf/src/FrameDecorator/AbstractFrameDecorator.php(895): Dompdf\FrameReflower\Block->reflow(NULL)
#11 /home/cagarxalam/Desktop/bimari/app/Libraries/dompdf/src/FrameReflower/Page.php(141): Dompdf\FrameDecorator\AbstractFrameDecorator->reflow()
#12 /home/cagarxalam/Desktop/bimari/app/Libraries/dompdf/src/FrameDecorator/AbstractFrameDecorator.php(895): Dompdf\FrameReflower\Page->reflow(NULL)
#13 /home/cagarxalam/Desktop/bimari/app/Libraries/dompdf/src/Dompdf.php(838): Dompdf\FrameDecorator\AbstractFrameDecorator->reflow()
#14 /home/cagarxalam/Desktop/bimari/app/Controllers/StockOut.php(198): Dompdf\Dompdf->render()
#15 /home/cagarxalam/Desktop/bimari/vendor/codeigniter4/framework/system/CodeIgniter.php(802): App\Controllers\StockOut->print('2')
#16 /home/cagarxalam/Desktop/bimari/vendor/codeigniter4/framework/system/CodeIgniter.php(399): CodeIgniter\CodeIgniter->runController(Object(App\Controllers\StockOut))
#17 /home/cagarxalam/Desktop/bimari/vendor/codeigniter4/framework/system/CodeIgniter.php(317): CodeIgniter\CodeIgniter->handleRequest(NULL, Object(Config\Cache), false)
#18 /home/cagarxalam/Desktop/bimari/public/index.php(37): CodeIgniter\CodeIgniter->run()
#19 /home/cagarxalam/Desktop/bimari/vendor/codeigniter4/framework/system/Commands/Server/rewrite.php(43): require_once('/home/cagarxala...')
#20 {main}
CRITICAL - 2021-10-07 07:20:57 --> Allowed memory size of 536870912 bytes exhausted (tried to allocate 402391040 bytes)
#0 [internal function]: CodeIgniter\Debug\Exceptions->shutdownHandler()
#1 {main}
CRITICAL - 2021-10-07 07:27:33 --> Class "Svg\Document" not found
#0 /home/cagarxalam/Desktop/bimari/app/Libraries/dompdf/src/FrameReflower/Image.php(93): Dompdf\Helpers::dompdf_getimagesize('/home/cagarxala...', NULL)
#1 /home/cagarxalam/Desktop/bimari/app/Libraries/dompdf/src/FrameReflower/Image.php(49): Dompdf\FrameReflower\Image->get_min_max_width()
#2 /home/cagarxalam/Desktop/bimari/app/Libraries/dompdf/src/FrameDecorator/AbstractFrameDecorator.php(895): Dompdf\FrameReflower\Image->reflow(Object(Dompdf\FrameDecorator\Block))
#3 /home/cagarxalam/Desktop/bimari/app/Libraries/dompdf/src/FrameReflower/Block.php(845): Dompdf\FrameDecorator\AbstractFrameDecorator->reflow(Object(Dompdf\FrameDecorator\Block))
#4 /home/cagarxalam/Desktop/bimari/app/Libraries/dompdf/src/FrameDecorator/AbstractFrameDecorator.php(895): Dompdf\FrameReflower\Block->reflow(NULL)
#5 /home/cagarxalam/Desktop/bimari/app/Libraries/dompdf/src/FrameReflower/Page.php(141): Dompdf\FrameDecorator\AbstractFrameDecorator->reflow()
#6 /home/cagarxalam/Desktop/bimari/app/Libraries/dompdf/src/FrameDecorator/AbstractFrameDecorator.php(895): Dompdf\FrameReflower\Page->reflow(NULL)
#7 /home/cagarxalam/Desktop/bimari/app/Libraries/dompdf/src/Dompdf.php(838): Dompdf\FrameDecorator\AbstractFrameDecorator->reflow()
#8 /home/cagarxalam/Desktop/bimari/app/Controllers/StockOut.php(203): Dompdf\Dompdf->render()
#9 /home/cagarxalam/Desktop/bimari/vendor/codeigniter4/framework/system/CodeIgniter.php(802): App\Controllers\StockOut->print('2')
#10 /home/cagarxalam/Desktop/bimari/vendor/codeigniter4/framework/system/CodeIgniter.php(399): CodeIgniter\CodeIgniter->runController(Object(App\Controllers\StockOut))
#11 /home/cagarxalam/Desktop/bimari/vendor/codeigniter4/framework/system/CodeIgniter.php(317): CodeIgniter\CodeIgniter->handleRequest(NULL, Object(Config\Cache), false)
#12 /home/cagarxalam/Desktop/bimari/public/index.php(37): CodeIgniter\CodeIgniter->run()
#13 /home/cagarxalam/Desktop/bimari/vendor/codeigniter4/framework/system/Commands/Server/rewrite.php(43): require_once('/home/cagarxala...')
#14 {main}
CRITICAL - 2021-10-07 07:27:38 --> Allowed memory size of 536870912 bytes exhausted (tried to allocate 222449664 bytes)
#0 [internal function]: CodeIgniter\Debug\Exceptions->shutdownHandler()
#1 {main}
CRITICAL - 2021-10-07 07:28:11 --> Class "Svg\Document" not found
#0 /home/cagarxalam/Desktop/bimari/app/Libraries/dompdf/src/FrameReflower/Image.php(93): Dompdf\Helpers::dompdf_getimagesize('/home/cagarxala...', NULL)
#1 /home/cagarxalam/Desktop/bimari/app/Libraries/dompdf/src/FrameReflower/Image.php(49): Dompdf\FrameReflower\Image->get_min_max_width()
#2 /home/cagarxalam/Desktop/bimari/app/Libraries/dompdf/src/FrameDecorator/AbstractFrameDecorator.php(895): Dompdf\FrameReflower\Image->reflow(Object(Dompdf\FrameDecorator\Block))
#3 /home/cagarxalam/Desktop/bimari/app/Libraries/dompdf/src/FrameReflower/Block.php(845): Dompdf\FrameDecorator\AbstractFrameDecorator->reflow(Object(Dompdf\FrameDecorator\Block))
#4 /home/cagarxalam/Desktop/bimari/app/Libraries/dompdf/src/FrameDecorator/AbstractFrameDecorator.php(895): Dompdf\FrameReflower\Block->reflow(NULL)
#5 /home/cagarxalam/Desktop/bimari/app/Libraries/dompdf/src/FrameReflower/Page.php(141): Dompdf\FrameDecorator\AbstractFrameDecorator->reflow()
#6 /home/cagarxalam/Desktop/bimari/app/Libraries/dompdf/src/FrameDecorator/AbstractFrameDecorator.php(895): Dompdf\FrameReflower\Page->reflow(NULL)
#7 /home/cagarxalam/Desktop/bimari/app/Libraries/dompdf/src/Dompdf.php(838): Dompdf\FrameDecorator\AbstractFrameDecorator->reflow()
#8 /home/cagarxalam/Desktop/bimari/app/Controllers/StockOut.php(202): Dompdf\Dompdf->render()
#9 /home/cagarxalam/Desktop/bimari/vendor/codeigniter4/framework/system/CodeIgniter.php(802): App\Controllers\StockOut->print('2')
#10 /home/cagarxalam/Desktop/bimari/vendor/codeigniter4/framework/system/CodeIgniter.php(399): CodeIgniter\CodeIgniter->runController(Object(App\Controllers\StockOut))
#11 /home/cagarxalam/Desktop/bimari/vendor/codeigniter4/framework/system/CodeIgniter.php(317): CodeIgniter\CodeIgniter->handleRequest(NULL, Object(Config\Cache), false)
#12 /home/cagarxalam/Desktop/bimari/public/index.php(37): CodeIgniter\CodeIgniter->run()
#13 /home/cagarxalam/Desktop/bimari/vendor/codeigniter4/framework/system/Commands/Server/rewrite.php(43): require_once('/home/cagarxala...')
#14 {main}
CRITICAL - 2021-10-07 07:28:15 --> Allowed memory size of 536870912 bytes exhausted (tried to allocate 222498816 bytes)
#0 [internal function]: CodeIgniter\Debug\Exceptions->shutdownHandler()
#1 {main}
CRITICAL - 2021-10-07 07:37:12 --> Class "Svg\Document" not found
#0 /home/cagarxalam/Desktop/bimari/app/Libraries/dompdf/src/FrameReflower/Image.php(93): Dompdf\Helpers::dompdf_getimagesize('/home/cagarxala...', NULL)
#1 /home/cagarxalam/Desktop/bimari/app/Libraries/dompdf/src/FrameReflower/Image.php(49): Dompdf\FrameReflower\Image->get_min_max_width()
#2 /home/cagarxalam/Desktop/bimari/app/Libraries/dompdf/src/FrameDecorator/AbstractFrameDecorator.php(895): Dompdf\FrameReflower\Image->reflow(Object(Dompdf\FrameDecorator\Block))
#3 /home/cagarxalam/Desktop/bimari/app/Libraries/dompdf/src/FrameReflower/Block.php(845): Dompdf\FrameDecorator\AbstractFrameDecorator->reflow(Object(Dompdf\FrameDecorator\Block))
#4 /home/cagarxalam/Desktop/bimari/app/Libraries/dompdf/src/FrameDecorator/AbstractFrameDecorator.php(895): Dompdf\FrameReflower\Block->reflow(NULL)
#5 /home/cagarxalam/Desktop/bimari/app/Libraries/dompdf/src/FrameReflower/Page.php(141): Dompdf\FrameDecorator\AbstractFrameDecorator->reflow()
#6 /home/cagarxalam/Desktop/bimari/app/Libraries/dompdf/src/FrameDecorator/AbstractFrameDecorator.php(895): Dompdf\FrameReflower\Page->reflow(NULL)
#7 /home/cagarxalam/Desktop/bimari/app/Libraries/dompdf/src/Dompdf.php(838): Dompdf\FrameDecorator\AbstractFrameDecorator->reflow()
#8 /home/cagarxalam/Desktop/bimari/app/Controllers/StockOut.php(204): Dompdf\Dompdf->render()
#9 /home/cagarxalam/Desktop/bimari/vendor/codeigniter4/framework/system/CodeIgniter.php(802): App\Controllers\StockOut->print('2')
#10 /home/cagarxalam/Desktop/bimari/vendor/codeigniter4/framework/system/CodeIgniter.php(399): CodeIgniter\CodeIgniter->runController(Object(App\Controllers\StockOut))
#11 /home/cagarxalam/Desktop/bimari/vendor/codeigniter4/framework/system/CodeIgniter.php(317): CodeIgniter\CodeIgniter->handleRequest(NULL, Object(Config\Cache), false)
#12 /home/cagarxalam/Desktop/bimari/public/index.php(37): CodeIgniter\CodeIgniter->run()
#13 /home/cagarxalam/Desktop/bimari/vendor/codeigniter4/framework/system/Commands/Server/rewrite.php(43): require_once('/home/cagarxala...')
#14 {main}
CRITICAL - 2021-10-07 07:37:17 --> Allowed memory size of 536870912 bytes exhausted (tried to allocate 222498816 bytes)
#0 [internal function]: CodeIgniter\Debug\Exceptions->shutdownHandler()
#1 {main}
CRITICAL - 2021-10-07 07:41:00 --> Class "Svg\Document" not found
#0 /home/cagarxalam/Desktop/bimari/app/Libraries/dompdf/src/FrameReflower/Image.php(93): Dompdf\Helpers::dompdf_getimagesize('/home/cagarxala...', NULL)
#1 /home/cagarxalam/Desktop/bimari/app/Libraries/dompdf/src/FrameReflower/Image.php(49): Dompdf\FrameReflower\Image->get_min_max_width()
#2 /home/cagarxalam/Desktop/bimari/app/Libraries/dompdf/src/FrameDecorator/AbstractFrameDecorator.php(895): Dompdf\FrameReflower\Image->reflow(Object(Dompdf\FrameDecorator\Block))
#3 /home/cagarxalam/Desktop/bimari/app/Libraries/dompdf/src/FrameReflower/Block.php(845): Dompdf\FrameDecorator\AbstractFrameDecorator->reflow(Object(Dompdf\FrameDecorator\Block))
#4 /home/cagarxalam/Desktop/bimari/app/Libraries/dompdf/src/FrameDecorator/AbstractFrameDecorator.php(895): Dompdf\FrameReflower\Block->reflow(NULL)
#5 /home/cagarxalam/Desktop/bimari/app/Libraries/dompdf/src/FrameReflower/Page.php(141): Dompdf\FrameDecorator\AbstractFrameDecorator->reflow()
#6 /home/cagarxalam/Desktop/bimari/app/Libraries/dompdf/src/FrameDecorator/AbstractFrameDecorator.php(895): Dompdf\FrameReflower\Page->reflow(NULL)
#7 /home/cagarxalam/Desktop/bimari/app/Libraries/dompdf/src/Dompdf.php(838): Dompdf\FrameDecorator\AbstractFrameDecorator->reflow()
#8 /home/cagarxalam/Desktop/bimari/app/Controllers/StockOut.php(205): Dompdf\Dompdf->render()
#9 /home/cagarxalam/Desktop/bimari/vendor/codeigniter4/framework/system/CodeIgniter.php(802): App\Controllers\StockOut->print('2')
#10 /home/cagarxalam/Desktop/bimari/vendor/codeigniter4/framework/system/CodeIgniter.php(399): CodeIgniter\CodeIgniter->runController(Object(App\Controllers\StockOut))
#11 /home/cagarxalam/Desktop/bimari/vendor/codeigniter4/framework/system/CodeIgniter.php(317): CodeIgniter\CodeIgniter->handleRequest(NULL, Object(Config\Cache), false)
#12 /home/cagarxalam/Desktop/bimari/public/index.php(37): CodeIgniter\CodeIgniter->run()
#13 /home/cagarxalam/Desktop/bimari/vendor/codeigniter4/framework/system/Commands/Server/rewrite.php(43): require_once('/home/cagarxala...')
#14 {main}
CRITICAL - 2021-10-07 07:41:06 --> Allowed memory size of 536870912 bytes exhausted (tried to allocate 222498816 bytes)
#0 [internal function]: CodeIgniter\Debug\Exceptions->shutdownHandler()
#1 {main}
CRITICAL - 2021-10-07 07:46:23 --> Class "Svg\Document" not found
#0 /home/cagarxalam/Desktop/bimari/app/Libraries/dompdf/src/FrameReflower/Image.php(93): Dompdf\Helpers::dompdf_getimagesize('/home/cagarxala...', NULL)
#1 /home/cagarxalam/Desktop/bimari/app/Libraries/dompdf/src/FrameReflower/Image.php(49): Dompdf\FrameReflower\Image->get_min_max_width()
#2 /home/cagarxalam/Desktop/bimari/app/Libraries/dompdf/src/FrameDecorator/AbstractFrameDecorator.php(895): Dompdf\FrameReflower\Image->reflow(Object(Dompdf\FrameDecorator\Block))
#3 /home/cagarxalam/Desktop/bimari/app/Libraries/dompdf/src/FrameReflower/Block.php(845): Dompdf\FrameDecorator\AbstractFrameDecorator->reflow(Object(Dompdf\FrameDecorator\Block))
#4 /home/cagarxalam/Desktop/bimari/app/Libraries/dompdf/src/FrameDecorator/AbstractFrameDecorator.php(895): Dompdf\FrameReflower\Block->reflow(NULL)
#5 /home/cagarxalam/Desktop/bimari/app/Libraries/dompdf/src/FrameReflower/Page.php(141): Dompdf\FrameDecorator\AbstractFrameDecorator->reflow()
#6 /home/cagarxalam/Desktop/bimari/app/Libraries/dompdf/src/FrameDecorator/AbstractFrameDecorator.php(895): Dompdf\FrameReflower\Page->reflow(NULL)
#7 /home/cagarxalam/Desktop/bimari/app/Libraries/dompdf/src/Dompdf.php(838): Dompdf\FrameDecorator\AbstractFrameDecorator->reflow()
#8 /home/cagarxalam/Desktop/bimari/app/Controllers/StockOut.php(204): Dompdf\Dompdf->render()
#9 /home/cagarxalam/Desktop/bimari/vendor/codeigniter4/framework/system/CodeIgniter.php(802): App\Controllers\StockOut->print('2')
#10 /home/cagarxalam/Desktop/bimari/vendor/codeigniter4/framework/system/CodeIgniter.php(399): CodeIgniter\CodeIgniter->runController(Object(App\Controllers\StockOut))
#11 /home/cagarxalam/Desktop/bimari/vendor/codeigniter4/framework/system/CodeIgniter.php(317): CodeIgniter\CodeIgniter->handleRequest(NULL, Object(Config\Cache), false)
#12 /home/cagarxalam/Desktop/bimari/public/index.php(37): CodeIgniter\CodeIgniter->run()
#13 /home/cagarxalam/Desktop/bimari/vendor/codeigniter4/framework/system/Commands/Server/rewrite.php(43): require_once('/home/cagarxala...')
#14 {main}
CRITICAL - 2021-10-07 07:46:27 --> Allowed memory size of 536870912 bytes exhausted (tried to allocate 222498816 bytes)
#0 [internal function]: CodeIgniter\Debug\Exceptions->shutdownHandler()
#1 {main}
CRITICAL - 2021-10-07 07:47:53 --> Class "Svg\Document" not found
#0 /home/cagarxalam/Desktop/bimari/app/Libraries/dompdf/src/FrameReflower/Image.php(93): Dompdf\Helpers::dompdf_getimagesize('/home/cagarxala...', NULL)
#1 /home/cagarxalam/Desktop/bimari/app/Libraries/dompdf/src/FrameReflower/Image.php(49): Dompdf\FrameReflower\Image->get_min_max_width()
#2 /home/cagarxalam/Desktop/bimari/app/Libraries/dompdf/src/FrameDecorator/AbstractFrameDecorator.php(895): Dompdf\FrameReflower\Image->reflow(Object(Dompdf\FrameDecorator\Block))
#3 /home/cagarxalam/Desktop/bimari/app/Libraries/dompdf/src/FrameReflower/Block.php(845): Dompdf\FrameDecorator\AbstractFrameDecorator->reflow(Object(Dompdf\FrameDecorator\Block))
#4 /home/cagarxalam/Desktop/bimari/app/Libraries/dompdf/src/FrameDecorator/AbstractFrameDecorator.php(895): Dompdf\FrameReflower\Block->reflow(Object(Dompdf\FrameDecorator\Block))
#5 /home/cagarxalam/Desktop/bimari/app/Libraries/dompdf/src/FrameReflower/Block.php(845): Dompdf\FrameDecorator\AbstractFrameDecorator->reflow(Object(Dompdf\FrameDecorator\Block))
#6 /home/cagarxalam/Desktop/bimari/app/Libraries/dompdf/src/FrameDecorator/AbstractFrameDecorator.php(895): Dompdf\FrameReflower\Block->reflow(Object(Dompdf\FrameDecorator\Block))
#7 /home/cagarxalam/Desktop/bimari/app/Libraries/dompdf/src/FrameReflower/Block.php(845): Dompdf\FrameDecorator\AbstractFrameDecorator->reflow(Object(Dompdf\FrameDecorator\Block))
#8 /home/cagarxalam/Desktop/bimari/app/Libraries/dompdf/src/FrameDecorator/AbstractFrameDecorator.php(895): Dompdf\FrameReflower\Block->reflow(Object(Dompdf\FrameDecorator\Block))
#9 /home/cagarxalam/Desktop/bimari/app/Libraries/dompdf/src/FrameReflower/Block.php(845): Dompdf\FrameDecorator\AbstractFrameDecorator->reflow(Object(Dompdf\FrameDecorator\Block))
#10 /home/cagarxalam/Desktop/bimari/app/Libraries/dompdf/src/FrameDecorator/AbstractFrameDecorator.php(895): Dompdf\FrameReflower\Block->reflow(NULL)
#11 /home/cagarxalam/Desktop/bimari/app/Libraries/dompdf/src/FrameReflower/Page.php(141): Dompdf\FrameDecorator\AbstractFrameDecorator->reflow()
#12 /home/cagarxalam/Desktop/bimari/app/Libraries/dompdf/src/FrameDecorator/AbstractFrameDecorator.php(895): Dompdf\FrameReflower\Page->reflow(NULL)
#13 /home/cagarxalam/Desktop/bimari/app/Libraries/dompdf/src/Dompdf.php(838): Dompdf\FrameDecorator\AbstractFrameDecorator->reflow()
#14 /home/cagarxalam/Desktop/bimari/app/Controllers/StockOut.php(204): Dompdf\Dompdf->render()
#15 /home/cagarxalam/Desktop/bimari/vendor/codeigniter4/framework/system/CodeIgniter.php(802): App\Controllers\StockOut->print('2')
#16 /home/cagarxalam/Desktop/bimari/vendor/codeigniter4/framework/system/CodeIgniter.php(399): CodeIgniter\CodeIgniter->runController(Object(App\Controllers\StockOut))
#17 /home/cagarxalam/Desktop/bimari/vendor/codeigniter4/framework/system/CodeIgniter.php(317): CodeIgniter\CodeIgniter->handleRequest(NULL, Object(Config\Cache), false)
#18 /home/cagarxalam/Desktop/bimari/public/index.php(37): CodeIgniter\CodeIgniter->run()
#19 /home/cagarxalam/Desktop/bimari/vendor/codeigniter4/framework/system/Commands/Server/rewrite.php(43): require_once('/home/cagarxala...')
#20 {main}
CRITICAL - 2021-10-07 07:47:56 --> Allowed memory size of 536870912 bytes exhausted (tried to allocate 402391040 bytes)
#0 [internal function]: CodeIgniter\Debug\Exceptions->shutdownHandler()
#1 {main}
CRITICAL - 2021-10-07 07:47:57 --> Class "Svg\Document" not found
#0 /home/cagarxalam/Desktop/bimari/app/Libraries/dompdf/src/FrameReflower/Image.php(93): Dompdf\Helpers::dompdf_getimagesize('/home/cagarxala...', NULL)
#1 /home/cagarxalam/Desktop/bimari/app/Libraries/dompdf/src/FrameReflower/Image.php(49): Dompdf\FrameReflower\Image->get_min_max_width()
#2 /home/cagarxalam/Desktop/bimari/app/Libraries/dompdf/src/FrameDecorator/AbstractFrameDecorator.php(895): Dompdf\FrameReflower\Image->reflow(Object(Dompdf\FrameDecorator\Block))
#3 /home/cagarxalam/Desktop/bimari/app/Libraries/dompdf/src/FrameReflower/Block.php(845): Dompdf\FrameDecorator\AbstractFrameDecorator->reflow(Object(Dompdf\FrameDecorator\Block))
#4 /home/cagarxalam/Desktop/bimari/app/Libraries/dompdf/src/FrameDecorator/AbstractFrameDecorator.php(895): Dompdf\FrameReflower\Block->reflow(Object(Dompdf\FrameDecorator\Block))
#5 /home/cagarxalam/Desktop/bimari/app/Libraries/dompdf/src/FrameReflower/Block.php(845): Dompdf\FrameDecorator\AbstractFrameDecorator->reflow(Object(Dompdf\FrameDecorator\Block))
#6 /home/cagarxalam/Desktop/bimari/app/Libraries/dompdf/src/FrameDecorator/AbstractFrameDecorator.php(895): Dompdf\FrameReflower\Block->reflow(Object(Dompdf\FrameDecorator\Block))
#7 /home/cagarxalam/Desktop/bimari/app/Libraries/dompdf/src/FrameReflower/Block.php(845): Dompdf\FrameDecorator\AbstractFrameDecorator->reflow(Object(Dompdf\FrameDecorator\Block))
#8 /home/cagarxalam/Desktop/bimari/app/Libraries/dompdf/src/FrameDecorator/AbstractFrameDecorator.php(895): Dompdf\FrameReflower\Block->reflow(Object(Dompdf\FrameDecorator\Block))
#9 /home/cagarxalam/Desktop/bimari/app/Libraries/dompdf/src/FrameReflower/Block.php(845): Dompdf\FrameDecorator\AbstractFrameDecorator->reflow(Object(Dompdf\FrameDecorator\Block))
#10 /home/cagarxalam/Desktop/bimari/app/Libraries/dompdf/src/FrameDecorator/AbstractFrameDecorator.php(895): Dompdf\FrameReflower\Block->reflow(NULL)
#11 /home/cagarxalam/Desktop/bimari/app/Libraries/dompdf/src/FrameReflower/Page.php(141): Dompdf\FrameDecorator\AbstractFrameDecorator->reflow()
#12 /home/cagarxalam/Desktop/bimari/app/Libraries/dompdf/src/FrameDecorator/AbstractFrameDecorator.php(895): Dompdf\FrameReflower\Page->reflow(NULL)
#13 /home/cagarxalam/Desktop/bimari/app/Libraries/dompdf/src/Dompdf.php(838): Dompdf\FrameDecorator\AbstractFrameDecorator->reflow()
#14 /home/cagarxalam/Desktop/bimari/app/Controllers/StockOut.php(204): Dompdf\Dompdf->render()
#15 /home/cagarxalam/Desktop/bimari/vendor/codeigniter4/framework/system/CodeIgniter.php(802): App\Controllers\StockOut->print('2')
#16 /home/cagarxalam/Desktop/bimari/vendor/codeigniter4/framework/system/CodeIgniter.php(399): CodeIgniter\CodeIgniter->runController(Object(App\Controllers\StockOut))
#17 /home/cagarxalam/Desktop/bimari/vendor/codeigniter4/framework/system/CodeIgniter.php(317): CodeIgniter\CodeIgniter->handleRequest(NULL, Object(Config\Cache), false)
#18 /home/cagarxalam/Desktop/bimari/public/index.php(37): CodeIgniter\CodeIgniter->run()
#19 /home/cagarxalam/Desktop/bimari/vendor/codeigniter4/framework/system/Commands/Server/rewrite.php(43): require_once('/home/cagarxala...')
#20 {main}
CRITICAL - 2021-10-07 07:47:59 --> Allowed memory size of 536870912 bytes exhausted (tried to allocate 268173312 bytes)
#0 [internal function]: CodeIgniter\Debug\Exceptions->shutdownHandler()
#1 {main}
CRITICAL - 2021-10-07 07:50:19 --> Class "Svg\Document" not found
#0 /home/cagarxalam/Desktop/bimari/app/Libraries/dompdf/src/FrameReflower/Image.php(93): Dompdf\Helpers::dompdf_getimagesize('/home/cagarxala...', NULL)
#1 /home/cagarxalam/Desktop/bimari/app/Libraries/dompdf/src/FrameReflower/Image.php(49): Dompdf\FrameReflower\Image->get_min_max_width()
#2 /home/cagarxalam/Desktop/bimari/app/Libraries/dompdf/src/FrameDecorator/AbstractFrameDecorator.php(895): Dompdf\FrameReflower\Image->reflow(Object(Dompdf\FrameDecorator\Block))
#3 /home/cagarxalam/Desktop/bimari/app/Libraries/dompdf/src/FrameReflower/Block.php(845): Dompdf\FrameDecorator\AbstractFrameDecorator->reflow(Object(Dompdf\FrameDecorator\Block))
#4 /home/cagarxalam/Desktop/bimari/app/Libraries/dompdf/src/FrameDecorator/AbstractFrameDecorator.php(895): Dompdf\FrameReflower\Block->reflow(Object(Dompdf\FrameDecorator\Block))
#5 /home/cagarxalam/Desktop/bimari/app/Libraries/dompdf/src/FrameReflower/Block.php(845): Dompdf\FrameDecorator\AbstractFrameDecorator->reflow(Object(Dompdf\FrameDecorator\Block))
#6 /home/cagarxalam/Desktop/bimari/app/Libraries/dompdf/src/FrameDecorator/AbstractFrameDecorator.php(895): Dompdf\FrameReflower\Block->reflow(Object(Dompdf\FrameDecorator\Block))
#7 /home/cagarxalam/Desktop/bimari/app/Libraries/dompdf/src/FrameReflower/Block.php(845): Dompdf\FrameDecorator\AbstractFrameDecorator->reflow(Object(Dompdf\FrameDecorator\Block))
#8 /home/cagarxalam/Desktop/bimari/app/Libraries/dompdf/src/FrameDecorator/AbstractFrameDecorator.php(895): Dompdf\FrameReflower\Block->reflow(Object(Dompdf\FrameDecorator\Block))
#9 /home/cagarxalam/Desktop/bimari/app/Libraries/dompdf/src/FrameReflower/Block.php(845): Dompdf\FrameDecorator\AbstractFrameDecorator->reflow(Object(Dompdf\FrameDecorator\Block))
#10 /home/cagarxalam/Desktop/bimari/app/Libraries/dompdf/src/FrameDecorator/AbstractFrameDecorator.php(895): Dompdf\FrameReflower\Block->reflow(NULL)
#11 /home/cagarxalam/Desktop/bimari/app/Libraries/dompdf/src/FrameReflower/Page.php(141): Dompdf\FrameDecorator\AbstractFrameDecorator->reflow()
#12 /home/cagarxalam/Desktop/bimari/app/Libraries/dompdf/src/FrameDecorator/AbstractFrameDecorator.php(895): Dompdf\FrameReflower\Page->reflow(NULL)
#13 /home/cagarxalam/Desktop/bimari/app/Libraries/dompdf/src/Dompdf.php(838): Dompdf\FrameDecorator\AbstractFrameDecorator->reflow()
#14 /home/cagarxalam/Desktop/bimari/app/Controllers/StockOut.php(204): Dompdf\Dompdf->render()
#15 /home/cagarxalam/Desktop/bimari/vendor/codeigniter4/framework/system/CodeIgniter.php(802): App\Controllers\StockOut->print('2')
#16 /home/cagarxalam/Desktop/bimari/vendor/codeigniter4/framework/system/CodeIgniter.php(399): CodeIgniter\CodeIgniter->runController(Object(App\Controllers\StockOut))
#17 /home/cagarxalam/Desktop/bimari/vendor/codeigniter4/framework/system/CodeIgniter.php(317): CodeIgniter\CodeIgniter->handleRequest(NULL, Object(Config\Cache), false)
#18 /home/cagarxalam/Desktop/bimari/public/index.php(37): CodeIgniter\CodeIgniter->run()
#19 /home/cagarxalam/Desktop/bimari/vendor/codeigniter4/framework/system/Commands/Server/rewrite.php(43): require_once('/home/cagarxala...')
#20 {main}
CRITICAL - 2021-10-07 07:50:20 --> Allowed memory size of 536870912 bytes exhausted (tried to allocate 268173312 bytes)
#0 [internal function]: CodeIgniter\Debug\Exceptions->shutdownHandler()
#1 {main}
